"We consider the following parameters:"
"m = 1"
"n = 0"
"\[Chi] = 0.857953"
"S = -1."
"branch = 2"
"Log of precision cutoff = 10^-20"
"-------------------------------------"
"Picked S=-1 \[Nu]nonrel"
"1/129"
0.05
"-1"
8
"Simplex code..."
0.04993703125000000000000000000000000001`20.15051499783199 + 
  1.`12.452092277799585*^-9*I
0.04993707297780238127843314562405503214`24.15051499783199 + 
  8.8019540636205086842951713973`16.396671012599825*^-10*I
"---------------------------------------------"
154
8.53492903832944973425275724726250000636612935375`24.*^-30
"Solving angular equation..."
"Done"

CreateDirectory::privv: 
   Privilege violation for file or directory /home/surrogate/.

Export::nodir: Directory /home/surrogate/ does not exist.

Export::noopen: Cannot open ../surrogate/m1n0_a857953_Sm1_prec_p_HPee.mx.
"2/129"
0.05193798449612404
"-1"
9
"Simplex code..."
0.05186734066094052901648998336578180822`20.15051499783199 + 
  8.8019540636205086842951713973`12.380200114087414*^-10*I
0.05186741635281732407252806420793548709`24.150514997831994 + 
  1.13285865997183224248664986233`16.489796111513325*^-9*I
"---------------------------------------------"
163
5.64578678250330183467738647715986825486198315052`24.*^-30
"Solving angular equation..."
"Done"

CreateDirectory::privv: 
   Privilege violation for file or directory /home/surrogate/.

Export::nodir: Directory /home/surrogate/ does not exist.

Export::noopen: Cannot open ../surrogate/m1n0_a857953_Sm1_prec_p_HPee.mx.
"3/129"
0.053875968992248065
"-1"
9
"Simplex code..."
0.05379711852443715356532781413609516794`20.150514997831998 + 
  1.13285865997183224248664986233`12.473931712084902*^-9*I
0.05379716054265643363429578046976759386`24.15051499783199 + 
  1.44408995904490994430593017612`16.57934989226122*^-9*I
"---------------------------------------------"
160
5.8911136996814935837358769084780222144292652253`24.*^-30
"Solving angular equation..."
"Done"

CreateDirectory::privv: 
   Privilege violation for file or directory /home/surrogate/.

General::stop: Further output of CreateDirectory::privv
     will be suppressed during this calculation.

Export::nodir: Directory /home/surrogate/ does not exist.

General::stop: Further output of Export::nodir
     will be suppressed during this calculation.

Export::noopen: Cannot open ../surrogate/m1n0_a857953_Sm1_prec_p_HPee.mx.

General::stop: Further output of Export::noopen
     will be suppressed during this calculation.
"4/129"
0.05581395348837209
"-1"
10
"Simplex code..."
0.0557262027242884274340624095991547914`20.15051499783199 + 
  1.44408995904490994430593017612`12.564049795601504*^-9*I
0.05572628212867294369601990088701180651`24.15051499783199 + 
  1.82445237017567892309418582198`16.665587458483117*^-9*I
"---------------------------------------------"
160
9.54297059582182676094288643181519835175723168436`24.*^-30
"Solving angular equation..."
"Done"
"5/129"
0.05775193798449613
"-1"
11
"Simplex code..."
0.05765463516652672732286791426238267397`20.150514997831987 + 
  1.82445237017567892309418582198`12.650813299523342*^-9*I
0.05765475757923278273676111351876988285`24.15051499783199 + 
  2.2859031923013227314067648285`16.74873768156482*^-9*I
"---------------------------------------------"
163
1.429685535319707609009816311074648583819322846763`24.*^-29
"Solving angular equation..."
"Done"
"6/129"
0.059689922480620154
"-1"
11
"Simplex code..."
0.05958249168916352112485786250360438796`20.150514997831987 + 
  2.2859031923013227314067648285`12.734454170881754*^-9*I
0.05958256324603154917858592281540665438`24.15051499783199 + 
  2.84191348926285091673762077671`16.829006668599046*^-9*I
"---------------------------------------------"
161
1.232868975930560326345675316111073971949489117678`24.*^-29
"Solving angular equation..."
"Done"
"7/129"
0.06162790697674419
"-1"
12
"Simplex code..."
0.06150955901190303998390078860980794145`20.15051499783199 + 
  2.84191348926285091673762077671`12.815183237865194*^-9*I
0.06150967536041873653218465652547114457`24.15051499783199 + 
  3.50759233860732676603967943974`16.90658067575509*^-9*I
"---------------------------------------------"
163
1.847217064607521902224366225656049729610088246715`24.*^-29
"Solving angular equation..."
"Done"
"8/129"
0.06356589147286822
"-1"
13
"Simplex code..."
0.06343590343140063604928333820129511075`20.150514997831987 + 
  3.50759233860732676603967943974`12.893188981325542*^-9*I
0.06343607002972846160918858602778368239`24.15051499783199 + 
  4.299815710775388031781569703`16.98162857016161*^-9*I
"---------------------------------------------"
169
2.693978433658920896607018993462541301809823897369`24.*^-29
"Solving angular equation..."
"Done"
"9/129"
0.06550387596899225
"-1"
13
"Simplex code..."
0.06536163261962120793929628371878739771`20.150514997831987 + 
  4.299815710775388031781569703`12.968641948458732*^-9*I
0.06536172323361419084905976423859063551`24.150514997831987 + 
  5.23735988592682804412116687237`17.0543039217039*^-9*I
"---------------------------------------------"
149
3.247579504171310842367407981041877884559061816437`24.*^-29
"Solving angular equation..."
"Done"
"10/129"
0.06744186046511629
"-1"
14
"Simplex code..."
0.06728647096717899052913579936357804972`20.15051499783199 + 
  5.23735988592682804412116687237`13.041699664291084*^-9*I
0.06728661082038687275686152891899332019`24.150514997831987 + 
  6.34103930900716460156464655326`17.124746789537074*^-9*I
"---------------------------------------------"
154
4.636235702990548143041974326293603741776820760003`24.*^-29
"Solving angular equation..."
"Done"
"11/129"
0.0693798449612403
"-1"
15
"Simplex code..."
0.06921051465172972482273864542092496862`20.150514997831987 + 
  6.34103930900716460156464655326`13.112503364599505*^-9*I
0.06921070850335475846799999580734848733`24.150514997831987 + 
  7.63384877657524410969263580827`17.193085255239783*^-9*I
"---------------------------------------------"
160
3.528963171113316338929214420737214433559965969538`24.*^-29
"Solving angular equation..."
"Done"
"12/129"
0.07131782945736434
"-1"
16
"Simplex code..."
0.07113373937258727277216215297138989393`20.150514997831987 + 
  7.63384877657524410969263580827`13.181182910957249*^-9*I
0.07113399185716313526021850259261721357`24.150514997831987 + 
  9.1411098416167073479451929239`17.259436744511074*^-9*I
"---------------------------------------------"
157
6.415365897434803369049426333842561133617763932543`24.*^-29
"Solving angular equation..."
"Done"
"13/129"
0.07325581395348837
"-1"
16
"Simplex code..."
0.07305630502267095978970405121561623504`20.150514997831987 + 
  9.1411098416167073479451929239`13.247856222316855*^-9*I
0.07305643632031680313955131842685125685`24.15051499783199 + 
  7.910135040846`0.18504041202790686*^-26*I
"---------------------------------------------"
523
4.56635384799250605859978499741449127689814`24.*^-36
"Solving angular equation..."
"Done"
"flip!"
"13/129"
0.07325581395348837
"-1"
16
"Simplex code..."
0.07305630502267095978970405121561623504`20.150514997831987 + 
  9.1411098416167073479451929239`13.247856222316855*^-9*I
0.07305643631413370489174032658365653224`24.150514997831987 + 
  1.089062131543567391673755541749`17.32390917146372*^-8*I
"---------------------------------------------"
159
6.576967749493373068637768323197490160393298303632`24.*^-29
"Solving angular equation..."
"Done"
"14/129"
0.07519379844961241
"-1"
17
"Simplex code..."
0.0749778336019009973032889254102480611`20.150514997831987 + 
  1.089062131543567391673755541749`13.312634767185425*^-8*I
0.07497801716060065303426966298174274264`24.150514997831987 + 
  1.291281373741808135907779767302`17.3866019333105*^-8*I
"---------------------------------------------"
156
1.0850372952805883477301011176250189956609692200367`24.*^-28
"Solving angular equation..."
"Done"
"15/129"
0.07713178294573644
"-1"
18
"Simplex code..."
0.07689847061835329074854812843198400271`20.150514997831984 + 
  1.291281373741808135907779767302`13.375618181867159*^-8*I
0.07689870953324326308802772963024347765`24.150514997831984 + 
  1.524090767549681388295323079316`17.44760677830577*^-8*I
"---------------------------------------------"
155
7.051450100403892719652531805620066626613835464261`24.*^-29
"Solving angular equation..."
"Done"
"16/129"
0.07906976744186046
"-1"
19
"Simplex code..."
0.07881819146427358597356207629516897885`20.150514997831984 + 
  1.524090767549681388295323079316`13.436899364637261*^-8*I
0.07881848841541321947680584094775565614`24.15051499783198 + 
  1.79110757109761918289623554588`17.507008565816406*^-8*I
"---------------------------------------------"
156
1.4679861507969810889310738809005634604455688477075`24.*^-28
"Solving angular equation..."
"Done"
"17/129"
0.0810077519379845
"-1"
20
"Simplex code..."
0.08073697145002286078700734014102648309`20.15051499783198 + 
  1.79110757109761918289623554588`13.496564213083683*^-8*I
0.08073732863345484431326196121619224348`24.150514997831973 + 
  2.096260795178516084332691011118`17.564885934197765*^-8*I
"---------------------------------------------"
156
1.1069232281940073293654367696712092729062121711139`24.*^-28
"Solving angular equation..."
"Done"
"18/129"
0.08294573643410853
"-1"
20
"Simplex code..."
0.08265505330389031666906571003065651337`20.15051499783198 + 
  2.096260795178516084332691011118`13.554690899655558*^-8*I
0.08265520485301825683050263649329027423`24.15051499783197 + 
  2.443808090877853494502228890217`17.621311889571743*^-8*I
"---------------------------------------------"
158
1.510531176365568782017195847603835827480409552779`24.*^-28
"Solving angular equation..."
"Done"
"19/129"
0.08488372093023255
"-1"
21
"Simplex code..."
0.08457189636432366018086457796168890791`20.15051499783197 + 
  2.443808090877853494502228890217`13.61135602722135*^-8*I
0.08457209157536203121184627389155587693`24.150514997831966 + 
  2.838352955747701700944579490996`17.676354326454916*^-8*I
"---------------------------------------------"
152
1.3086024070096870044058120729713465440909057295047`24.*^-28
"Solving angular equation..."
"Done"
"20/129"
0.08682170542635659
"-1"
22
"Simplex code..."
0.08648772490099870078991414219758893816`20.15051499783197 + 
  2.838352955747701700944579490996`13.666626924889817*^-8*I
0.08648796313364557398745677508258713317`24.150514997831962 + 
  3.284862239678202847893965867902`17.73007648948066*^-8*I
"---------------------------------------------"
154
1.8651249540711222119720797795091112868287607224225`24.*^-28
"Solving angular equation..."
"Done"
"21/129"
0.08875968992248062
"-1"
23
"Simplex code..."
0.08840251391720830020091405881336327715`20.150514997831962 + 
  3.284862239678202847893965867902`13.720567543404043*^-8*I
0.08840279368920924953469913290825289619`24.15051499783195 + 
  3.788683930271210734766302762632`17.7825373840156*^-8*I
"---------------------------------------------"
158
3.110897525423573272844139008979802056952738258495`24.*^-28
"Solving angular equation..."
"Done"
"22/129"
0.09069767441860466
"-1"
24
"Simplex code..."
0.09031623833436049656005131623630623717`20.150514997831955 + 
  3.788683930271210734766302762632`13.773237532785995*^-8*I
0.09031655722783994572361164392969533153`24.150514997831944 + 
  4.355565196094036210002436616564`17.83379214229101*^-8*I
"---------------------------------------------"
156
3.1350132379751281400373222133529697201868327720776`24.*^-28
"Solving angular equation..."
"Done"
"23/129"
0.09263565891472868
"-1"
25
"Simplex code..."
0.09222887299197850445500023524599976986`20.15051499783194 + 
  4.355565196094036210002436616564`13.824692614947335*^-8*I
0.09222922755602315956102546536078402633`24.150514997831927 + 
  4.991670664790983443732489598045`17.88389235070311*^-8*I
"---------------------------------------------"
159
2.5626934047178234809139580428313185920973729486926`24.*^-28
"Solving angular equation..."
"Done"
"24/129"
0.09457364341085271
"-1"
26
"Simplex code..."
0.09414039264770071491492246897431346601`20.150514997831934 + 
  4.991670664790983443732489598045`13.87498491666405*^-8*I
0.09414077829717656068717943409272085688`24.150514997831916 + 
  5.703600911071933391634457053585`17.93288634308584*^-8*I
"---------------------------------------------"
150
3.49684602500477749560859728704844297297529362703`24.*^-28
"Solving angular equation..."
"Done"
"25/129"
0.09651162790697675
"-1"
27
"Simplex code..."
0.09605077197728069541046700290540455555`20.150514997831916 + 
  5.703600911071933391634457053585`13.924163267832503*^-8*I
0.09605118288786632328599687768715135881`24.150514997831895 + 
  6.498411127978818486375120257837`17.980819464104805*^-8*I
"---------------------------------------------"
156
3.4830211234516053949709273786555874393521255271113`24.*^-28
"Solving angular equation..."
"Done"
"26/129"
0.09844961240310078
"-1"
28
"Simplex code..."
0.09795998557458718985377015487571790787`20.1505149978319 + 
  6.498411127978818486375120257837`13.9722734692521*^-8*I
0.09796041457400320518842498171713503686`24.150514997831866 + 
  7.383629952677365363145408102068`18.027734306329123*^-8*I
"---------------------------------------------"
154
4.7150992211386973893973180969942186028985391188298`24.*^-28
"Solving angular equation..."
"Done"
"27/129"
0.1003875968992248
"-1"
29
"Simplex code..."
0.09986800795160411859845557507398603148`20.150514997831873 + 
  7.383629952677365363145408102068`14.01935853357218*^-8*I
0.09986844640701772030113610468779578683`24.150514997831838 + 
  8.367278415858220172134624943785`18.07367092405771*^-8*I
"---------------------------------------------"
156
4.2615054493676189550608139916280219742385980327975`24.*^-28
"Solving angular equation..."
"Done"
"28/129"
0.10232558139534884
"-1"
30
"Simplex code..."
0.10177481353843057843963424604122907418`20.15051499783185 + 
  8.367278415858220172134624943785`14.065458902548638*^-8*I
0.10177525124001078402511898297759936706`24.150514997831802 + 
  9.457888981235264281731631118902`18.118667026555745*^-8*I
"---------------------------------------------"
151
7.2358531861564401535096059662037677703675503928542`24.*^-28
"Solving angular equation..."
"Done"
"29/129"
0.10426356589147287
"-1"
31
"Simplex code..."
0.10368037668328084261390448267075482289`20.150514997831813 + 
  9.457888981235264281731631118902`14.110612643324261*^-8*I
0.1036808017238819787448874397941771765`24.15051499783176 + 
  1.0664524639285287832715693318738`18.162758153026324*^-7*I
"---------------------------------------------"
156
8.5996929545402570343125151246234637295920390621166`24.*^-28
"Solving angular equation..."
"Done"
"30/129"
0.1062015503875969
"-1"
32
"Simplex code..."
0.10558467165248436079935193220815870398`20.15051499783177 + 
  1.0664524639285287832715693318738`14.154855626107727*^-7*I
0.10558507030342874422987380313992652352`24.15051499783171 + 
  1.199679801582399598701273498103`18.20597783131188*^-7*I
"---------------------------------------------"
156
6.7437719619667637716369721424080795881408384557618`24.*^-28
"Solving angular equation..."
"Done"
"31/129"
0.10813953488372093
"-1"
33
"Simplex code..."
0.10748767263048575911554957425132378284`20.150514997831717 + 
  1.199679801582399598701273498103`14.19822168528842*^-7*I
0.10748802921341835551586555333198473043`24.150514997831653 + 
  1.3464890453353622399082410737166`18.248357722097623*^-7*I
"---------------------------------------------"
150
6.3504947668570041829306755730756776168496274305739`24.*^-28
"Solving angular equation..."
"Done"
"32/129"
0.11007751937984496
"-1"
35
"Simplex code..."
0.10938872849362436757257339092900741559`20.150514997831664 + 
  1.3464890453353622399082410737166`14.240745248058126*^-7*I
0.10938965047462957213022988555465530946`24.150514997831582 + 
  1.5079571019213383638406942709831`18.289927750150667*^-7*I
"---------------------------------------------"
155
1.16834086665748619056007573973925102127032566554991`24.*^-27
"Solving angular equation..."
"Done"
"33/129"
0.112015503875969
"-1"
36
"Simplex code..."
0.11128903010771035068423977576630802132`20.150514997831593 + 
  1.5079571019213383638406942709831`14.282451627293804*^-7*I
0.11128990588986017983929062358604665755`24.150514997831497 + 
  1.6852215390432638408217021329915`18.33071622393791*^-7*I
"---------------------------------------------"
155
1.2858336291227997817181672667886782853211091416496`24.*^-27
"Solving angular equation..."
"Done"
"34/129"
0.11395348837209303
"-1"
37
"Simplex code..."
0.1131879586093834505137912385073012439`20.150514997831507 + 
  1.6852215390432638408217021329915`14.323371771783366*^-7*I
0.11318876703990364568641325937689112062`24.150514997831394 + 
  1.8794824561378640582458130376456`18.370749944820492*^-7*I
"---------------------------------------------"
159
1.30556448995101958572218588808429235986194519654614`24.*^-27
"Solving angular equation..."
"Done"
"35/129"
0.11589147286821705
"-1"
38
"Simplex code..."
0.11508548783507779305712192124709261569`20.150514997831415 + 
  1.8794824561378640582458130376456`14.363532711034368*^-7*I
0.11508620527948540403453052748225622968`24.150514997831277 + 
  2.0920043314503667598351318871871`18.410054306853468*^-7*I
"---------------------------------------------"
158
1.30924268053688929338268692637613686857223130133947`24.*^-27
"Solving angular equation..."
"Done"
"36/129"
0.11782945736434108
"-1"
39
"Simplex code..."
0.11698159153934268075161329843307530806`20.150514997831298 + 
  2.0920043314503667598351318871871`14.402960051563229*^-7*I
0.11698219173316235835088832203089617203`24.150514997831134 + 
  2.3241178390179949076093237267133`18.448653388127404*^-7*I
"---------------------------------------------"
154
1.53255783728379394746516520664175234652837907075501`24.*^-27
"Solving angular equation..."
"Done"
"37/129"
0.11976744186046512
"-1"
40
"Simplex code..."
0.11887624339484259247613417686493013195`20.150514997831163 + 
  2.3241178390179949076093237267133`14.441678069500218*^-7*I
0.11887669729118021040069520570534847454`24.15051499783097 + 
  2.5772216285085798238522997463283`18.486570034462527*^-7*I
"---------------------------------------------"
154
1.58027654778267128862751862025196836231856474284543`24.*^-27
"Solving angular equation..."
"Done"
"38/129"
0.12170542635658915
"-1"
42
"Simplex code..."
0.12076857196434252935567285247187645724`20.150514997831003 + 
  2.5772216285085798238522997463283`14.479712834210073*^-7*I
0.12076969260528817928001012581856380183`24.150514997830776 + 
  2.8527840602518105226620226511305`18.523825936182707*^-7*I
"---------------------------------------------"
157
1.55998412108017314025204715798357472939798875836818`24.*^-27
"Solving angular equation..."
"Done"
"39/129"
0.12364341085271317
"-1"
43
"Simplex code..."
0.1226601997989785810846377840478988805`20.150514997830815 + 
  2.8527840602518105226620226511305`14.51708022930981*^-7*I
0.12266114808450447970333923990891482938`24.15051499783056 + 
  3.1523448870223175660308713518363`18.560441698604468*^-7*I
"---------------------------------------------"
156
1.5711152561525923034515778727227966680130051970747`24.*^-27
"Solving angular equation..."
"Done"
"40/129"
0.12558139534883722
"-1"
44
"Simplex code..."
0.12455029500547121637088558240154954909`20.1505149978306 + 
  3.1523448870223175660308713518363`14.553803963358488*^-7*I
0.12455103389083777094994796445361670663`24.150514997830303 + 
  3.4775168734902153535146580029398`18.596436906828004*^-7*I
"---------------------------------------------"
151
2.2830725783567736219038326833554028500597904822664`24.*^-27
"Solving angular equation..."
"Done"
"41/129"
0.12751937984496126
"-1"
45
"Simplex code..."
0.12643883090847442915116008930964578461`20.15051499783035 + 
  3.4775168734902153535146580029398`14.58990377220012*^-7*I
0.12643931993495157861505432831635620295`24.150514997829998 + 
  3.829987343190786528663849327525`18.631830185322425*^-7*I
"---------------------------------------------"
153
2.29932169886740474472381798664700373457940416156418`24.*^-27
"Solving angular equation..."
"Done"
"42/129"
0.1294573643410853
"-1"
47
"Simplex code..."
0.12832476374932805346214035331813901973`20.150514997830058 + 
  3.829987343190786528663849327525`14.625401863223871*^-7*I
0.12832597587177650333141132324326499006`24.150514997829653 + 
  4.2115196421011018417070955672033`18.666639252772498*^-7*I
"---------------------------------------------"
157
2.39571567870996962334393338007130079505279606012849`24.*^-27
"Solving angular equation..."
"Done"
"43/129"
0.13139534883720932
"-1"
48
"Simplex code..."
0.13021005433090799222214594327811193989`20.15051499782972 + 
  4.2115196421011018417070955672033`14.660309308253247*^-7*I
0.13021097109606326436595311007177610118`24.150514997829255 + 
  4.6239545067239810632789528861015`18.700880972584855*^-7*I
"---------------------------------------------"
148
3.26711882118602243271347925314695556081019234529774`24.*^-27
"Solving angular equation..."
"Done"
"44/129"
0.13333333333333333
"-1"
49
"Simplex code..."
0.13209370370370370370370370370370370364`20.15051499782933 + 
  4.6239545067239810632789528861015`14.69464643311234*^-7*I
0.13209427473787554864268442400400599324`24.150514997828793 + 
  5.0692113234980068381846942531819`18.734571399419558*^-7*I
"---------------------------------------------"
153
3.41355146084603378444387294293809498264503359792601`24.*^-27
"Solving angular equation..."
"Done"
"45/129"
0.13527131782945737
"-1"
51
"Simplex code..."
0.13397452457601384911833991789215857533`20.150514997828886 + 
  5.0692113234980068381846942531819`14.728433169570678*^-7*I
0.13397585565801416706789200631155113007`24.150514997828267 + 
  5.5492892649724136052145263818009`18.767725822064552*^-7*I
"---------------------------------------------"
150
4.78382145493166839004527458679296249023943743358085`24.*^-27
"Solving angular equation..."
"Done"
"46/129"
0.1372093023255814
"-1"
3
"Simplex code..."
0.1358549179765454352027704059600622167`20.15051499782837 + 
  5.5492892649724136052145263818009`14.761676996889756*^-7*I
0.13585568244337913073258880262065083703`24.150514997827663 + 
  6.0662682870313274012468066245416`18.800358802958815*^-7*I
"---------------------------------------------"
152
3.97440258884925129347199695181491898907566798702626`24.*^-27
"Solving angular equation..."
"Done"
"47/129"
0.1391472868217054
"-1"
7
"Simplex code..."
0.13773219028874231890381872272201815811`20.150514997827777 + 
  6.0662682870313274012468066245416`14.79440115743607*^-7*I
0.13773372340225238254880036608894913682`24.15051499782697 + 
  6.6223099695388480036100899635717`18.83248421460625*^-7*I
"---------------------------------------------"
161
3.16371778399710365761663394146262524970705676868011`24.*^-27
"Solving angular equation..."
"Done"
"48/129"
0.14108527131782944
"-1"
10
"Simplex code..."
0.13960877872274864257472740924804093401`20.150514997827106 + 
  6.6223099695388480036100899635717`14.826611774715511*^-7*I
0.13960994655950762527542105754216557952`24.150514997826182 + 
  7.2196581814380592577272938956462`18.86411527312722*^-7*I
"---------------------------------------------"
154
4.7270191201257207073858829336674181105608267490574`24.*^-27
"Solving angular equation..."
"Done"
"49/129"
0.14302325581395348
"-1"
13
"Simplex code..."
0.14148343709352373585554311779675584118`20.15051499782634 + 
  7.2196581814380592577272938956462`14.85832603228075*^-7*I
0.14148431965173735508800424965830025223`24.150514997825287 + 
  7.8606395492464916600143784804506`18.89526456915039*^-7*I
"---------------------------------------------"
147
6.70866589033992057103965735563338635298620746023197`24.*^-27
"Solving angular equation..."
"Done"
"50/129"
0.1449612403100775
"-1"
17
"Simplex code..."
0.14335470192755091387247989811286124816`20.15051499782546 + 
  7.8606395492464916600143784804506`14.889560937870069*^-7*I
0.14335681012229636160638174833762590877`24.150514997824274 + 
  8.5476637059978836876271980258837`18.925944096236783*^-7*I
"---------------------------------------------"
154
7.26152824335074621148386098286182420214077436834235`24.*^-27
"Solving angular equation..."
"Done"
"51/129"
0.14689922480620154
"-1"
20
"Simplex code..."
0.14522533515988714189619455822431661031`20.150514997824473 + 
  8.5476637059978836876271980258837`14.920320037598007*^-7*I
0.14522738511624961264201536133333744128`24.15051499782312 + 
  9.283223295227522264174593204566`18.9561652769959*^-7*I
"---------------------------------------------"
157
8.06198530583020363486533197171853580031858019288586`24.*^-27
"Solving angular equation..."
"Done"
"52/129"
0.14883720930232558
"-1"
23
"Simplex code..."
0.14709392931163228290171515296347072161`20.150514997823343 + 
  9.283223295227522264174593204566`14.950619045357309*^-7*I
0.14709601147523379071559018343212525362`24.150514997821816 + 
  1.00698937025621882909160535565739`18.98593898705877*^-6*I
"---------------------------------------------"
156
8.92862686542374558357329814148933972862734522616198`24.*^-27
"Solving angular equation..."
"Done"
"53/129"
0.1507751937984496
"-1"
26
"Simplex code..."
0.14896044804912537691766250257955390831`20.150514997822068 + 
  1.00698937025621882909160535565739`14.980468914075516*^-6*I
0.14896265573220879586658167851433619392`24.15051499782034 + 
  1.09103324841322636553371442650014`19.015275577022216*^-6*I
"---------------------------------------------"
150
5.90021425408361640409625532226307722413072875018857`24.*^-27
"Solving angular equation..."
"Done"
"54/129"
0.15271317829457365
"-1"
29
"Simplex code..."
0.1508248547930509932971194243786594145`20.15051499782063 + 
  1.09103324841322636553371442650014`15.009880067535859*^-6*I
0.15082728410610748296696378974514822267`24.150514997818686 + 
  1.18072784586731973891668534420925`19.04418489249673*^-6*I
"---------------------------------------------"
162
6.38488515429911134110779984271286248910108431267076`24.*^-27
"Solving angular equation..."
"Done"
"55/129"
0.15465116279069768
"-1"
31
"Simplex code..."
0.15268884652583001077473262312333085973`20.15051499781901 + 
  1.18072784586731973891668534420925`15.038857489154875*^-6*I
0.15268986249637208113797080114769906375`24.150514997816817 + 
  1.27635504266093203383056032632276`19.07267629235814*^-6*I
"---------------------------------------------"
152
1.145236056270486335209761010809423096575209947727314`24.*^-26
"Solving angular equation..."
"Done"
"56/129"
0.15658914728682172
"-1"
34
"Simplex code..."
0.15454898456299845657661636128940894554`20.150514997817183 + 
  1.27635504266093203383056032632276`15.06742034040345*^-6*I
0.15455035647737311668166169049415760537`24.15051499781472 + 
  1.37820454760119837739958826956213`19.10075866529794*^-6*I
"---------------------------------------------"
152
1.038803762987991213851058295213912129305675938966989`24.*^-26
"Solving angular equation..."
"Done"
"57/129"
0.15852713178294572
"-1"
37
"Simplex code..."
0.15640690104879974462998599238175627676`20.150514997815133 + 
  1.37820454760119837739958826956213`15.095572765154586*^-6*I
0.15640873129269736671714014394870922707`24.150514997812373 + 
  1.48657368312342740825796526223181`19.128440444747834*^-6*I
"---------------------------------------------"
150
9.93150748123222816664046829957339614437866583443868`24.*^-27
"Solving angular equation..."
"Done"
"58/129"
0.16046511627906979
"-1"
40
"Simplex code..."
0.15826255844177178532025232552110329294`20.15051499781283 + 
  1.48657368312342740825796526223181`15.123323255845838*^-6*I
0.15826495184931592385676315092712676789`24.150514997809747 + 
  1.60176711963977366311486343316716`19.155729622262946*^-6*I
"---------------------------------------------"
150
1.215451561858587040019147122321562773995948265225661`24.*^-26
"Solving angular equation..."
"Done"
"59/129"
0.16240310077519382
"-1"
42
"Simplex code..."
0.16011792677228202436484096433104332726`20.150514997810262 + 
  1.60176711963977366311486343316716`15.150674414057491*^-6*I
0.16011898271160055799024984699879227113`24.150514997806816 + 
  1.7240965540303840705714419221668`19.182633759405583*^-6*I
"---------------------------------------------"
151
8.88144756847961229225315008143733174750005745757411`24.*^-27
"Solving angular equation..."
"Done"
"60/129"
0.16434108527131783
"-1"
45
"Simplex code..."
0.16196902511265422879140853658820630276`20.150514997807385 + 
  1.7240965540303840705714419221668`15.17764461344115*^-6*I
0.16197078809519983361533258699305032246`24.150514997803544 + 
  1.85388032652639931032270826830922`19.209159998193503*^-6*I
"---------------------------------------------"
152
1.562390905278353316371489902229232102867752994829483`24.*^-26
"Solving angular equation..."
"Done"
"61/129"
0.16627906976744186
"-1"
48
"Simplex code..."
0.16381775199784230214530376780241572015`20.150514997804187 + 
  1.85388032652639931032270826830922`15.204235731523735*^-6*I
0.16382033186075962565917755280349683196`24.150514997799903 + 
  1.99144296962918556235451452538487`19.2353150701488*^-6*I
"---------------------------------------------"
154
1.315036264167906922146262697267458287103812699168798`24.*^-26
"Solving angular equation..."
"Done"
"62/129"
0.1682170542635659
"-1"
50
"Simplex code..."
0.16566630019025629411153641724534853444`20.150514997800613 + 
  1.99144296962918556235451452538487`15.23044869822741*^-6*I
0.16566757750747974268768822531264916782`24.150514997795856 + 
  2.13711468212717020971123459227588`19.261105303979924*^-6*I
"---------------------------------------------"
149
1.547053229561785041845716618157680617411894724709844`24.*^-26
"Solving angular equation..."
"Done"
"63/129"
0.1701550387596899
"-1"
5
"Simplex code..."
0.16750952833477288607607609862213302646`20.15051499779665 + 
  2.13711468212717020971123459227588`15.256303309989226*^-6*I
0.16751248816650181615650888018715554972`24.15051499779137 + 
  2.29123072062775113572103623934705`19.286536631921937*^-6*I
"---------------------------------------------"
153
1.538141114839618894540165583339122059314853555267045`24.*^-26
"Solving angular equation..."
"Done"
"64/129"
0.17209302325581396
"-1"
9
"Simplex code..."
0.1693524302974818866403097980191820986`20.150514997792243 + 
  2.29123072062775113572103623934705`15.281792388060472*^-6*I
0.16935502659410864285753082887892596617`24.150514997786388 + 
  2.45413070026804937874587138688725`19.311614594742608*^-6*I
"---------------------------------------------"
156
1.831122016841033671107144882371891619620401913756952`24.*^-26
"Solving angular equation..."
"Done"
"65/129"
0.17403100775193797
"-1"
13
"Simplex code..."
0.17119273114182323336077093607877060907`20.150514997787365 + 
  2.45413070026804937874587138688725`15.30692736557554*^-6*I
0.17119515516474826737150757476214205654`24.150514997780892 + 
  2.62615779561974235607033756050237`19.336344345436764*^-6*I
"---------------------------------------------"
151
1.568614956603790613642833631549170684103733894481845`24.*^-26
"Solving angular equation..."
"Done"
"66/129"
0.175968992248062
"-1"
17
"Simplex code..."
0.17303038686971650003796544352721796219`20.150514997781972 + 
  2.62615779561974235607033756050237`15.331713436588466*^-6*I
0.17303283586384378006904847186283004753`24.15051499777482 + 
  2.80765783177543465251434231491403`19.360730651584962*^-6*I
"---------------------------------------------"
151
2.340220557126648930022396165384883726206831080981844`24.*^-26
"Solving angular equation..."
"Done"
"67/129"
0.17790697674418604
"-1"
21
"Simplex code..."
0.17486535315554194738967777819702807439`20.150514997776018 + 
  2.80765783177543465251434231491403`15.356155407831256*^-6*I
