"Save directory: \
/home/shaunf/Documents/Computer/Code/projects/Massive_Vector_Field_Dynamical_\
Friction/ProcaAroundKerr/NilsSiemonsenCode/OG_Code_MyExecution/surrogate"
"We consider the following parameters:"
"m = 1"
"n = 0"
"\[Chi] = 0.99"
"S = -1."
"branch = 2"
"Log of precision cutoff = 10^-17"
"-------------------------------------"
"Picked S=-1 \[Nu]nonrel"
"1/126"
0.05
"-1"
8
"Simplex code..."
"Initial \[Omega] guess: \
0.04993703125000000000000000000000000001`17.15051499783199 + \
1.`9.452092277799583*^-9*I"
"\[Omega] value: 0.04993707865373457451416613056331062351`24.15051499783199 + \
1.01652197095124247570189377102`16.45920863538734*^-9*I"
"---------------------------------------------"
"Iteration count: 141"
"Solving angular equation..."
"Done"
"Exporting data to \
/home/shaunf/Documents/Computer/Code/projects/Massive_Vector_Field_Dynamical_\
Friction/ProcaAroundKerr/NilsSiemonsenCode/OG_Code_MyExecution/surrogate/m1n0\
_a990000_Sm1_prec_17_HPee.mx"
"2/126"
0.05365079365079365
"-1"
9
"Simplex code..."
"Initial \[Omega] guess: \
0.05357292772637244198090758937319783882`17.15051499783199 + \
1.01652197095124247570189377102`9.428686386744177*^-9*I"
"\[Omega] value: 0.05357298287376218838375819033775498171`24.15051499783199 + \
1.62199730512027685438443489423`16.631619298149896*^-9*I"
"---------------------------------------------"
"Iteration count: 149"
"Solving angular equation..."
"Done"
"Exporting data to \
/home/shaunf/Documents/Computer/Code/projects/Massive_Vector_Field_Dynamical_\
Friction/ProcaAroundKerr/NilsSiemonsenCode/OG_Code_MyExecution/surrogate/m1n0\
_a990000_Sm1_prec_17_HPee.mx"
"3/126"
0.057301587301587305
"-1"
10
"Simplex code..."
"Initial \[Omega] guess: \
0.05720663128105041252244578019332365516`17.15051499783199 + \
1.62199730512027685438443489423`9.603118751866061*^-9*I"
"\[Omega] value: 0.05720668848441804684956747455267232207`24.15051499783199 + \
2.50647288525207070814431610976`16.792131200107253*^-9*I"
"---------------------------------------------"
"Iteration count: 141"
"Solving angular equation..."
"Done"
"Exporting data to \
/home/shaunf/Documents/Computer/Code/projects/Massive_Vector_Field_Dynamical_\
Friction/ProcaAroundKerr/NilsSiemonsenCode/OG_Code_MyExecution/surrogate/m1n0\
_a990000_Sm1_prec_17_HPee.mx"
"4/126"
0.06095238095238095
"-1"
12
"Simplex code..."
"Initial \[Omega] guess: \
0.06083788225029694417449519490335816866`17.15051499783199 + \
2.50647288525207070814431610976`9.765403920682187*^-9*I"
"\[Omega] value: 0.06083803830768392627811986085306923844`24.150514997831987 \
+ 3.76607957606342362977731205606`16.942229288116884*^-9*I"
"---------------------------------------------"
"Iteration count: 151"
"Solving angular equation..."
"Done"
"Exporting data to \
/home/shaunf/Documents/Computer/Code/projects/Massive_Vector_Field_Dynamical_\
Friction/ProcaAroundKerr/NilsSiemonsenCode/OG_Code_MyExecution/surrogate/m1n0\
_a990000_Sm1_prec_17_HPee.mx"
"5/126"
0.0646031746031746
"-1"
13
"Simplex code..."
"Initial \[Omega] guess: \
0.06446671862928706903102216783244749988`17.150514997831987 + \
3.76607957606342362977731205606`9.917068925028547*^-9*I"
"\[Omega] value: 0.06446687375022012633870907634498697956`24.15051499783199 + \
5.52026134673479902766777070321`17.08313802683947*^-9*I"
"---------------------------------------------"
"Iteration count: 142"
"Solving angular equation..."
"Done"
"Exporting data to \
/home/shaunf/Documents/Computer/Code/projects/Massive_Vector_Field_Dynamical_\
Friction/ProcaAroundKerr/NilsSiemonsenCode/OG_Code_MyExecution/surrogate/m1n0\
_a990000_Sm1_prec_17_HPee.mx"
"6/126"
0.06825396825396825
"-1"
14
"Simplex code..."
"Initial \[Omega] guess: \
0.0680928974765244134102788675728962955`17.150514997831987 + \
5.52026134673479902766777070321`10.05937282233946*^-9*I"
