"Save directory: /home/fell/Documents/software/OG_Code_MyExecution/surrogate"
"We consider the following parameters:"
"m = 1"
"n = 0"
"\[Chi] = 0.9"
"S = -1."
"branch = 2"
"Log of precision cutoff = 10^-20"
"-------------------------------------"
"Picked S=-1 \[Nu]nonrel"
"1/129"
0.05
"-1"
8
"Simplex code..."
"Initial \[Omega] guess: \
0.04993703125000000000000000000000000001`20.15051499783199 + \
1.`12.452092277799585*^-9*I"
"\[Omega] value: 0.04993707478891587983203232679091891649`24.15051499783199 + \
9.2417702567912932971759421442`16.417847067243063*^-10*I"
"---------------------------------------------"
"Iteration count: 172"
"Solving angular equation..."
"Done"
"Exporting data to \
/home/fell/Documents/software/OG_Code_MyExecution/surrogate/m1n0_a900000_Sm1_\
prec_p_HPee.mx"
"2/129"
0.05193798449612404
"-1"
9
"Simplex code..."
"Initial \[Omega] guess: \
0.05186734066094052901648998336578180822`20.15051499783199 + \
9.2417702567912932971759421442`12.401376184481608*^-10*I"
"\[Omega] value: 0.05186741863459532316595768142370403225`24.15051499783199 + \
1.18948831629100852031934941288`16.51098054405169*^-9*I"
"---------------------------------------------"
"Iteration count: 164"
"Solving angular equation..."
"Done"
"Exporting data to \
/home/fell/Documents/software/OG_Code_MyExecution/surrogate/m1n0_a900000_Sm1_\
prec_p_HPee.mx"
"3/129"
0.053875968992248065
"-1"
9
"Simplex code..."
"Initial \[Omega] guess: \
0.05379711852443715356532781413609516794`20.150514997831998 + \
1.18948831629100852031934941288`12.495116163728976*^-9*I"
"\[Omega] value: 0.0537971633937474778591342917386019741`24.15051499783199 + \
1.51630497222474253051827580311`16.600542180058003*^-9*I"
"---------------------------------------------"
"Iteration count: 158"
"Solving angular equation..."
"Done"
"Exporting data to \
/home/fell/Documents/software/OG_Code_MyExecution/surrogate/m1n0_a900000_Sm1_\
prec_p_HPee.mx"
"4/129"
0.05581395348837209
"-1"
10
"Simplex code..."
"Initial \[Omega] guess: \
0.0557262027242884274340624095991547914`20.15051499783199 + \
1.51630497222474253051827580311`12.585242106414617*^-9*I"
"\[Omega] value: 0.05572628566387947342321662032527221296`24.15051499783199 + \
1.91572068347077052300626983611`16.686787089147934*^-9*I"
"---------------------------------------------"
"Iteration count: 170"
"Solving angular equation..."
"Done"
"Exporting data to \
/home/fell/Documents/software/OG_Code_MyExecution/surrogate/m1n0_a900000_Sm1_\
prec_p_HPee.mx"
"5/129"
0.05775193798449613
"-1"
11
"Simplex code..."
"Initial \[Omega] guess: \
0.05765463516652672732286791426238267397`20.150514997831987 + \
1.91572068347077052300626983611`12.672012957739266*^-9*I"
"\[Omega] value: 0.05765476193148716434451279131099652093`24.15051499783199 + \
2.40029345099652598339756007303`16.769944154840026*^-9*I"
"---------------------------------------------"
"Iteration count: 174"
"Solving angular equation..."
"Done"
"Exporting data to \
/home/fell/Documents/software/OG_Code_MyExecution/surrogate/m1n0_a900000_Sm1_\
prec_p_HPee.mx"
"6/129"
0.059689922480620154
"-1"
11
"Simplex code..."
"Initial \[Omega] guess: \
0.05958249168916352112485786250360438796`20.150514997831987 + \
2.40029345099652598339756007303`12.755660676941076*^-9*I"
"\[Omega] value: 0.05958256856854204966523228713439519143`24.15051499783199 + \
2.98417111254801324334895835594`16.85021949836249*^-9*I"
"---------------------------------------------"
"Iteration count: 163"
"Solving angular equation..."
"Done"
"Exporting data to \
/home/fell/Documents/software/OG_Code_MyExecution/surrogate/m1n0_a900000_Sm1_\
prec_p_HPee.mx"
"7/129"
0.06162790697674419
"-1"
12
"Simplex code..."
"Initial \[Omega] guess: \
0.06150955901190303998390078860980794145`20.15051499783199 + \
2.98417111254801324334895835594`12.836396106424159*^-9*I"
"\[Omega] value: 0.06150968182899482894703134677854696511`24.150514997831987 \
+ 3.68322182064095962323667737596`16.927799392140045*^-9*I"
"---------------------------------------------"
"Iteration count: 169"
"Solving angular equation..."
"Done"
"Exporting data to \
/home/fell/Documents/software/OG_Code_MyExecution/surrogate/m1n0_a900000_Sm1_\
prec_p_HPee.mx"
"8/129"
0.06356589147286822
"-1"
13
"Simplex code..."
"Initial \[Omega] guess: \
0.06343590343140063604928333820129511075`20.150514997831987 + \
3.68322182064095962323667737596`12.914407743382446*^-9*I"
"\[Omega] value: 0.06343607784529519918285158358824551142`24.150514997831987 \
+ 4.51516938498202604275297732421`17.002852721808317*^-9*I"
"---------------------------------------------"
"Iteration count: 173"
"Solving angular equation..."
"Done"
"Exporting data to \
/home/fell/Documents/software/OG_Code_MyExecution/surrogate/m1n0_a900000_Sm1_\
prec_p_HPee.mx"
"9/129"
0.06550387596899225
"-1"
13
"Simplex code..."
"Initial \[Omega] guess: \
0.06536163261962120793929628371878739771`20.150514997831987 + \
4.51516938498202604275297732421`12.989866153612176*^-9*I"
"\[Omega] value: 0.06536173262492660636256095226121079306`24.150514997831987 \
+ 5.49973338544951795661392795144`17.075533078166856*^-9*I"
"---------------------------------------------"
"Iteration count: 167"
"Solving angular equation..."
"Done"
"Exporting data to \
/home/fell/Documents/software/OG_Code_MyExecution/surrogate/m1n0_a900000_Sm1_\
prec_p_HPee.mx"
"10/129"
0.06744186046511629
"-1"
14
"Simplex code..."
"Initial \[Omega] guess: \
0.06728647096717899052913579936357804972`20.15051499783199 + \
5.49973338544951795661392795144`13.062928883154395*^-9*I"
"\[Omega] value: 0.06728662204695462244508966913112133994`24.15051499783199 + \
6.65877395578798616617274796309`17.14598054385306*^-9*I"
"---------------------------------------------"
"Iteration count: 158"
"Solving angular equation..."
"Done"
"Exporting data to \
/home/fell/Documents/software/OG_Code_MyExecution/surrogate/m1n0_a900000_Sm1_\
prec_p_HPee.mx"
"11/129"
0.0693798449612403
"-1"
15
"Simplex code..."
"Initial \[Omega] guess: \
0.06921051465172972482273864542092496862`20.150514997831987 + \
6.65877395578798616617274796309`13.133737191376206*^-9*I"
"\[Omega] value: 0.06921072185858892646826779687907232463`24.150514997831987 \
+ 8.01644113253193270605055253647`17.21432322667801*^-9*I"
"---------------------------------------------"
"Iteration count: 159"
"Solving angular equation..."
"Done"
"Exporting data to \
/home/fell/Documents/software/OG_Code_MyExecution/surrogate/m1n0_a900000_Sm1_\
prec_p_HPee.mx"
"12/129"
0.07131782945736434
"-1"
15
"Simplex code..."
"Initial \[Omega] guess: \
0.07113390940653257178846120700297062127`20.15051499783199 + \
8.01644113253193270605055253647`13.202419928088062*^-9*I"
"\[Omega] value: 0.07113400767175662863912803392068829631`24.150514997831987 \
+ 9.59932865752012047832796115641`17.28067858151448*^-9*I"
"---------------------------------------------"
"Iteration count: 158"
"Solving angular equation..."
"Done"
"Exporting data to \
/home/fell/Documents/software/OG_Code_MyExecution/surrogate/m1n0_a900000_Sm1_\
prec_p_HPee.mx"
"13/129"
0.07325581395348837
"-1"
16
"Simplex code..."
"Initial \[Omega] guess: \
0.07305630502267095978970405121561623504`20.150514997831987 + \
9.59932865752012047832796115641`13.269098155873115*^-9*I"
"\[Omega] value: 0.07305645495968706468216706339880651372`24.150514997831987 \
+ 1.143663211689265357528192381633`17.345154554786824*^-8*I"
"---------------------------------------------"
"Iteration count: 162"
"Solving angular equation..."
"Done"
"Exporting data to \
/home/fell/Documents/software/OG_Code_MyExecution/surrogate/m1n0_a900000_Sm1_\
prec_p_HPee.mx"
"14/129"
0.07519379844961241
"-1"
17
"Simplex code..."
"Initial \[Omega] guess: \
0.0749778336019009973032889254102480611`20.150514997831987 + \
1.143663211689265357528192381633`13.333880261349691*^-8*I"
"\[Omega] value: 0.07497803905350684989965395521443477235`24.150514997831984 \
+ 1.356031129347285493297471969123`17.40785057937164*^-8*I"
"---------------------------------------------"
"Iteration count: 160"
"Solving angular equation..."
"Done"
"Exporting data to \
/home/fell/Documents/software/OG_Code_MyExecution/surrogate/m1n0_a900000_Sm1_\
prec_p_HPee.mx"
"15/129"
0.07713178294573644
"-1"
18
"Simplex code..."
"Initial \[Omega] guess: \
0.07689847061835329074854812843198400271`20.150514997831984 + \
1.356031129347285493297471969123`13.39686695473836*^-8*I"
"\[Omega] value: 0.07689873513884383716586246969591446901`24.15051499783198 + \
1.600525660341212995036679503931`17.46885844275996*^-8*I"
"---------------------------------------------"
"Iteration count: 157"
"Solving angular equation..."
"Done"
"Exporting data to \
/home/fell/Documents/software/OG_Code_MyExecution/surrogate/m1n0_a900000_Sm1_\
prec_p_HPee.mx"
"16/129"
0.07906976744186046
"-1"
19
"Simplex code..."
"Initial \[Omega] guess: \
0.07881819146427358597356207629516897885`20.150514997831984 + \
1.600525660341212995036679503931`13.45815117370206*^-8*I"
"\[Omega] value: 0.07881851825244065338241796901427495476`24.15051499783198 + \
1.880945948247346638066966342072`17.52826304737629*^-8*I"
"---------------------------------------------"
"Iteration count: 162"
"Solving angular equation..."
"Done"
"Exporting data to \
/home/fell/Documents/software/OG_Code_MyExecution/surrogate/m1n0_a900000_Sm1_\
prec_p_HPee.mx"
"17/129"
0.0810077519379845
"-1"
19
"Simplex code..."
"Initial \[Omega] guess: \
0.08073722063452098499130521468177272067`20.15051499783198 + \
1.880945948247346638066966342072`13.517817518654125*^-8*I"
"\[Omega] value: 0.08073736327877505273583865333048319197`24.150514997831973 \
+ 2.201418658033368524255696949792`17.586143078717733*^-8*I"
"---------------------------------------------"
"Iteration count: 149"
"Solving angular equation..."
"Done"
"Exporting data to \
/home/fell/Documents/software/OG_Code_MyExecution/surrogate/m1n0_a900000_Sm1_\
prec_p_HPee.mx"
"18/129"
0.08294573643410853
"-1"
20
"Simplex code..."
"Initial \[Omega] guess: \
0.08265505330389031666906571003065651337`20.15051499783198 + \
2.201418658033368524255696949792`13.575948230536266*^-8*I"
"\[Omega] value: 0.08265524494668773677240269326722370231`24.15051499783197 + \
2.56641576157669650011203566422`17.642571594409073*^-8*I"
"---------------------------------------------"
"Iteration count: 153"
"Solving angular equation..."
"Done"
"Exporting data to \
/home/fell/Documents/software/OG_Code_MyExecution/surrogate/m1n0_a900000_Sm1_\
prec_p_HPee.mx"
"19/129"
0.08488372093023255
"-1"
21
"Simplex code..."
"Initial \[Omega] guess: \
0.08457189636432366018086457796168890791`20.15051499783197 + \
2.56641576157669650011203566422`13.632615942722428*^-8*I"
"\[Omega] value: 0.0845721378260162936611818549806652885`24.150514997831966 + \
2.980772673854387251029492952167`17.69761654513545*^-8*I"
"---------------------------------------------"
"Iteration count: 154"
"Solving angular equation..."
"Done"
"Exporting data to \
/home/fell/Documents/software/OG_Code_MyExecution/surrogate/m1n0_a900000_Sm1_\
prec_p_HPee.mx"
"20/129"
0.08682170542635659
"-1"
22
"Simplex code..."
"Initial \[Omega] guess: \
0.08648772490099870078991414219758893816`20.150514997831966 + \
2.980772673854387251029492952167`13.687889381076575*^-8*I"
"\[Omega] value: 0.08648801632423499431583225530494212146`24.15051499783196 + \
3.449706723736874779098730123115`17.751341236687907*^-8*I"
"---------------------------------------------"
"Iteration count: 163"
"Solving angular equation..."
"Done"
"Exporting data to \
/home/fell/Documents/software/OG_Code_MyExecution/surrogate/m1n0_a900000_Sm1_\
prec_p_HPee.mx"
"21/129"
0.08875968992248062
"-1"
23
"Simplex code..."
"Initial \[Omega] guess: \
0.08840251391720830020091405881336327715`20.150514997831962 + \
3.449706723736874779098730123115`13.741832557704791*^-8*I"
"\[Omega] value: 0.08840285468309847016337209701241814885`24.150514997831944 \
+ 3.978835942550579302344544194273`17.803804740920345*^-8*I"
"---------------------------------------------"
"Iteration count: 162"
"Solving angular equation..."
"Done"
"Exporting data to \
/home/fell/Documents/software/OG_Code_MyExecution/surrogate/m1n0_a900000_Sm1_\
prec_p_HPee.mx"
"22/129"
0.09069767441860466
"-1"
24
"Simplex code..."
"Initial \[Omega] guess: \
0.09031623833436049656005131623630623717`20.150514997831948 + \
3.978835942550579302344544194273`13.794505189333991*^-8*I"
"\[Omega] value: 0.09031662697529115024834478145161578962`24.150514997831937 \
+ 4.574198152979088062286097466544`17.855062262255395*^-8*I"
"---------------------------------------------"
"Iteration count: 153"
"Solving angular equation..."
"Done"
"Exporting data to \
/home/fell/Documents/software/OG_Code_MyExecution/surrogate/m1n0_a900000_Sm1_\
prec_p_HPee.mx"
"23/129"
0.09263565891472868
"-1"
25
"Simplex code..."
"Initial \[Omega] guess: \
0.09222887299197850445500023524599976986`20.150514997831937 + \
4.574198152979088062286097466544`13.845963070297863*^-8*I"
"\[Omega] value: 0.09222930710107846893727594405336867314`24.15051499783192 + \
5.242270339866640106241219311673`17.905165465364707*^-8*I"
"---------------------------------------------"
"Iteration count: 147"
"Solving angular equation..."
"Done"
"Exporting data to \
/home/fell/Documents/software/OG_Code_MyExecution/surrogate/m1n0_a900000_Sm1_\
prec_p_HPee.mx"
"24/129"
0.09457364341085271
"-1"
26
"Simplex code..."
"Initial \[Omega] guess: \
0.09414039264770071491492246897431346601`20.150514997831923 + \
5.242270339866640106241219311673`13.896258405891983*^-8*I"
"\[Omega] value: 0.09414086878496173339832731827800314767`24.150514997831902 \
+ 5.989988283892205590721177932988`17.954162768861295*^-8*I"
"---------------------------------------------"
"Iteration count: 163"
"Solving angular equation..."
"Done"
"Exporting data to \
/home/fell/Documents/software/OG_Code_MyExecution/surrogate/m1n0_a900000_Sm1_\
prec_p_HPee.mx"
"25/129"
0.09651162790697675
"-1"
27
"Simplex code..."
"Initial \[Omega] guess: \
0.09605077197728069541046700290540455555`20.150514997831905 + \
5.989988283892205590721177932988`13.945440111050084*^-8*I"
"\[Omega] value: 0.09605128557233464288054912085419498974`24.150514997831884 \
+ 6.824766438089461295983755515013`18.002099609137634*^-8*I"
"---------------------------------------------"
"Iteration count: 161"
"Solving angular equation..."
"Done"
"Exporting data to \
/home/fell/Documents/software/OG_Code_MyExecution/surrogate/m1n0_a900000_Sm1_\
prec_p_HPee.mx"
"26/129"
0.09844961240310078
"-1"
28
"Simplex code..."
"Initial \[Omega] guess: \
0.09795998557458718985377015487571790787`20.150514997831884 + \
6.824766438089461295983755515013`13.993554078571494*^-8*I"
"\[Omega] value: 0.0979605308261417307636424439672842604`24.150514997831856 + \
7.754518026341425482185994257816`18.049018677914326*^-8*I"
"---------------------------------------------"
"Iteration count: 159"
"Solving angular equation..."
"Done"
"Exporting data to \
/home/fell/Documents/software/OG_Code_MyExecution/surrogate/m1n0_a900000_Sm1_\
prec_p_HPee.mx"
"27/129"
0.1003875968992248
"-1"
29
"Simplex code..."
"Initial \[Omega] guess: \
0.09986800795160411859845557507398603148`20.15051499783186 + \
7.754518026341425482185994257816`14.040643420545488*^-8*I"
"\[Omega] value: 0.09986857772353610926142364603801996513`24.150514997831824 \
+ 8.787675341883056916402546846478`18.094960136569284*^-8*I"
"---------------------------------------------"
"Iteration count: 156"
"Solving angular equation..."
"Done"
"Exporting data to \
/home/fell/Documents/software/OG_Code_MyExecution/surrogate/m1n0_a900000_Sm1_\
prec_p_HPee.mx"
"28/129"
0.10232558139534884
"-1"
30
"Simplex code..."
"Initial \[Omega] guess: \
0.10177481353843057843963424604122907418`20.15051499783183 + \
8.787675341883056916402546846478`14.08674868611147*^-8*I"
"\[Omega] value: 0.10177539925253972203984841601003251751`24.150514997831785 \
+ 9.933210223145689434383630704158`18.13996180992491*^-8*I"
"---------------------------------------------"
"Iteration count: 159"
"Solving angular equation..."
"Done"
"Exporting data to \
/home/fell/Documents/software/OG_Code_MyExecution/surrogate/m1n0_a900000_Sm1_\
prec_p_HPee.mx"
"29/129"
0.10426356589147287
"-1"
31
"Simplex code..."
"Initial \[Omega] guess: \
0.10368037668328084261390448267075482289`20.15051499783179 + \
9.933210223145689434383630704158`14.13190805829076*^-8*I"
"\[Omega] value: 0.10368096820870046461256287832494297654`24.150514997831735 \
+ 1.1200654682659906004749715949837`18.18405936178928*^-7*I"
"---------------------------------------------"
"Iteration count: 159"
"Solving angular equation..."
"Done"
"Exporting data to \
/home/fell/Documents/software/OG_Code_MyExecution/surrogate/m1n0_a900000_Sm1_\
prec_p_HPee.mx"
"30/129"
0.1062015503875969
"-1"
32
"Simplex code..."
"Initial \[Omega] guess: \
0.10558467165248436079935193220815870398`20.15051499783175 + \
1.1200654682659906004749715949837`14.176157532235859*^-7*I"
"\[Omega] value: 0.10558525719174936772763606252925346153`24.150514997831678 \
+ 1.2600121664076240377360992517819`18.227286454279746*^-7*I"
"---------------------------------------------"
"Iteration count: 154"
"Solving angular equation..."
"Done"
"Exporting data to \
/home/fell/Documents/software/OG_Code_MyExecution/surrogate/m1n0_a900000_Sm1_\
prec_p_HPee.mx"
"31/129"
0.10813953488372093
"-1"
33
"Simplex code..."
"Initial \[Omega] guess: \
0.10748767263048575911554957425132378284`20.150514997831692 + \
1.2600121664076240377360992517819`14.219531076968137*^-7*I"
"\[Omega] value: 0.10748823860225512637513324785572641849`24.150514997831614 \
+ 1.4142325900782824660435028922438`18.269674892682264*^-7*I"
"---------------------------------------------"
"Iteration count: 158"
"Solving angular equation..."
"Done"
"Exporting data to \
/home/fell/Documents/software/OG_Code_MyExecution/surrogate/m1n0_a900000_Sm1_\
prec_p_HPee.mx"
"32/129"
0.11007751937984496
"-1"
34
"Simplex code..."
"Initial \[Omega] guess: \
0.10938935371984484012355772075042076424`20.150514997831632 + \
1.4142325900782824660435028922438`14.262060782393966*^-7*I"
"\[Omega] value: 0.10938988463827671114616909902130501832`24.150514997831532 \
+ 1.5838604848444966214560876806342`18.31125475739034*^-7*I"
"---------------------------------------------"
"Iteration count: 154"
"Solving angular equation..."
"Done"
"Exporting data to \
/home/fell/Documents/software/OG_Code_MyExecution/surrogate/m1n0_a900000_Sm1_\
prec_p_HPee.mx"
"33/129"
0.112015503875969
"-1"
35
"Simplex code..."
"Initial \[Omega] guess: \
0.11128968894123658282592401600790799225`20.150514997831557 + \
1.5838604848444966214560876806342`14.303776993174424*^-7*I"
"\[Omega] value: 0.11129016729201039015411383123373129874`24.15051499783144 + \
1.7700939662023499930021228560853`18.35205452426825*^-7*I"
"---------------------------------------------"
"Iteration count: 152"
"Solving angular equation..."
"Done"
"Exporting data to \
/home/fell/Documents/software/OG_Code_MyExecution/surrogate/m1n0_a900000_Sm1_\
prec_p_HPee.mx"
"34/129"
0.11395348837209303
"-1"
36
"Simplex code..."
"Initial \[Omega] guess: \
0.11318865223345114266668343667853145005`20.15051499783146 + \
1.7700939662023499930021228560853`14.344708430820525*^-7*I"
"\[Omega] value: 0.11318905834643627611818609672067266793`24.15051499783133 + \
1.9741976186975473196632023682003`18.39210117464181*^-7*I"
"---------------------------------------------"
"Iteration count: 149"
"Solving angular equation..."
"Done"
"Exporting data to \
/home/fell/Documents/software/OG_Code_MyExecution/surrogate/m1n0_a900000_Sm1_\
prec_p_HPee.mx"
"35/129"
0.11589147286821705
"-1"
38
"Simplex code..."
"Initial \[Omega] guess: \
0.11508548783507779305712192124709261569`20.150514997831355 + \
1.9741976186975473196632023682003`14.384885058569576*^-7*I"
"\[Omega] value: 0.11508652937195616647504563398869240404`24.150514997831202 \
+ 2.1975045931591856310116186236245`18.431420295947806*^-7*I"
"---------------------------------------------"
"Iteration count: 151"
"Solving angular equation..."
"Done"
"Exporting data to \
/home/fell/Documents/software/OG_Code_MyExecution/surrogate/m1n0_a900000_Sm1_\
prec_p_HPee.mx"
"36/129"
0.11782945736434108
"-1"
39
"Simplex code..."
"Initial \[Omega] guess: \
0.11698159153934268075161329843307530806`20.150514997831227 + \
2.1975045931591856310116186236245`14.424327263665775*^-7*I"
"\[Omega] value: 0.11698255172302746542637709815058181529`24.150514997831046 \
+ 2.4414186986620998750654482067714`18.470036173981367*^-7*I"
"---------------------------------------------"
"Iteration count: 156"
"Solving angular equation..."
"Done"
"Exporting data to \
/home/fell/Documents/software/OG_Code_MyExecution/surrogate/m1n0_a900000_Sm1_\
prec_p_HPee.mx"
"37/129"
0.11976744186046512
"-1"
40
"Simplex code..."
"Initial \[Omega] guess: \
0.11887624339484259247613417686493013195`20.150514997831078 + \
2.4414186986620998750654482067714`14.463062191808639*^-7*I"
"\[Omega] value: 0.11887709653479025881668309915074943647`24.15051499783086 + \
2.7074164855772503939864215258893`18.507971877556628*^-7*I"
"---------------------------------------------"
"Iteration count: 155"
"Solving angular equation..."
"Done"
"Exporting data to \
/home/fell/Documents/software/OG_Code_MyExecution/surrogate/m1n0_a900000_Sm1_\
prec_p_HPee.mx"
"38/129"
0.12170542635658915
"-1"
41
"Simplex code..."
"Initial \[Omega] guess: \
0.12076941699235718355104069569462553734`20.1505149978309 + \
2.7074164855772503939864215258893`14.501113097080987*^-7*I"
"\[Omega] value: 0.12077013471968652180967970570230670857`24.15051499783065 + \
2.997049315873521076021581559228`18.54524933630936*^-7*I"
"---------------------------------------------"
"Iteration count: 150"
"Solving angular equation..."
"Done"
"Exporting data to \
/home/fell/Documents/software/OG_Code_MyExecution/surrogate/m1n0_a900000_Sm1_\
prec_p_HPee.mx"
"39/129"
0.12364341085271317
"-1"
42
"Simplex code..."
"Initial \[Omega] guess: \
0.1226610858407812857381763264264176133`20.150514997830697 + \
2.997049315873521076021581559228`14.538502082165769*^-7*I"
"\[Omega] value: 0.12266163696407195097826027107848893107`24.15051499783041 + \
3.3119454166078904869517902887143`18.581889412289534*^-7*I"
"---------------------------------------------"
"Iteration count: 153"
"Solving angular equation..."
"Done"
"Exporting data to \
/home/fell/Documents/software/OG_Code_MyExecution/surrogate/m1n0_a900000_Sm1_\
prec_p_HPee.mx"
"40/129"
0.12558139534883722
"-1"
44
"Simplex code..."
"Initial \[Omega] guess: \
0.12455029500547121637088558240154954909`20.150514997830456 + \
3.3119454166078904869517902887143`14.575253407968784*^-7*I"
"\[Omega] value: 0.12455157372481563756734944992758181424`24.150514997830122 \
+ 3.6538119122372657872563068809126`18.617911965914466*^-7*I"
"---------------------------------------------"
"Iteration count: 158"
"Solving angular equation..."
"Done"
"Exporting data to \
/home/fell/Documents/software/OG_Code_MyExecution/surrogate/m1n0_a900000_Sm1_\
prec_p_HPee.mx"
"41/129"
0.12751937984496126
"-1"
45
"Simplex code..."
"Initial \[Omega] guess: \
0.12643883090847442915116008930964578461`20.15051499783018 + \
3.6538119122372657872563068809126`14.611380713618695*^-7*I"
"\[Omega] value: 0.12643991522589453276369197066172111882`24.150514997829788 \
+ 4.0244368312559819039734853022193`18.653335916810562*^-7*I"
"---------------------------------------------"
"Iteration count: 156"
"Solving angular equation..."
"Done"
"Exporting data to \
/home/fell/Documents/software/OG_Code_MyExecution/surrogate/m1n0_a900000_Sm1_\
prec_p_HPee.mx"
"42/129"
0.1294573643410853
"-1"
46
"Simplex code..."
"Initial \[Omega] guess: \
0.12832578075075734759881421352476714078`20.150514997829852 + \
4.0244368312559819039734853022193`14.64690619755206*^-7*I"
"\[Omega] value: 0.12832663328222995342647884244266981557`24.15051499783199 + \
1.326509643291`0.16490860887262895*^-25*I"
"---------------------------------------------"
"Iteration count: 359"
"Solving angular equation..."
"Done"
"Exporting data to \
/home/fell/Documents/software/OG_Code_MyExecution/surrogate/m1n0_a900000_Sm1_\
prec_p_HPee.mx"
"flip!"
"42/129"
0.1294573643410853
"-1"
46
"Simplex code..."
"Initial \[Omega] guess: \
0.12832578075075734759881421352476714078`20.150514997829852 + \
4.0244368312559819039734853022193`14.64690619755206*^-7*I"
"\[Omega] value: 0.12832663145497139992492519867596081727`24.15051499782941 + \
4.4256910821278437892921559675359`18.688179299984988*^-7*I"
"---------------------------------------------"
"Iteration count: 151"
"Solving angular equation..."
"Done"
"Exporting data to \
/home/fell/Documents/software/OG_Code_MyExecution/surrogate/m1n0_a900000_Sm1_\
prec_p_HPee.mx"
"43/129"
0.13139534883720932
"-1"
47
"Simplex code..."
"Initial \[Omega] guess: \
0.13021111769320431518796480154288142574`20.150514997829482 + \
4.4256910821278437892921559675359`14.681848027497088*^-7*I"
"\[Omega] value: 0.13021169215996299988868013668181592448`24.150514997828967 \
+ 4.8595303933801306737460006824801`18.722459317751802*^-7*I"
"---------------------------------------------"
"Iteration count: 149"
"Solving angular equation..."
"Done"
"Exporting data to \
/home/fell/Documents/software/OG_Code_MyExecution/surrogate/m1n0_a900000_Sm1_\
prec_p_HPee.mx"
"44/129"
0.13333333333333333
"-1"
49
"Simplex code..."
"Initial \[Omega] guess: \
0.13209370370370370370370370370370370364`20.150514997829053 + \
4.8595303933801306737460006824801`14.716227183247192*^-7*I"
"\[Omega] value: 0.13209506684559395356667543801415495907`24.15051499782846 + \
5.3279972122338529494662739043097`18.756192387775922*^-7*I"
"---------------------------------------------"
"Iteration count: 154"
"Solving angular equation..."
"Done"
"Exporting data to \
/home/fell/Documents/software/OG_Code_MyExecution/surrogate/m1n0_a900000_Sm1_\
prec_p_HPee.mx"
"45/129"
0.13527131782945737
"-1"
50
"Simplex code..."
"Initial \[Omega] guess: \
0.13397568484435871358170652572403361638`20.15051499782856 + \
5.3279972122338529494662739043097`14.750053001047927*^-7*I"
"\[Omega] value: 0.13397672476993657316545715973819571845`24.150514997827877 \
+ 5.8332225558046909851917879075492`18.789394187567396*^-7*I"
"---------------------------------------------"
"Iteration count: 153"
"Solving angular equation..."
"Done"
"Exporting data to \
/home/fell/Documents/software/OG_Code_MyExecution/surrogate/m1n0_a900000_Sm1_\
prec_p_HPee.mx"
"46/129"
0.1372093023255814
"-1"
4
"Simplex code..."
"Initial \[Omega] guess: \
0.13585486739042151075446885878671759156`20.150514997827987 + \
5.8332225558046909851917879075492`14.783348341397286*^-7*I"
"\[Omega] value: 0.13585663494093064026799287157494325502`24.150514997827205 \
+ 6.3774278083916951488287674195093`18.822079695718333*^-7*I"
"---------------------------------------------"
"Iteration count: 157"
"Solving angular equation..."
"Done"
"Exporting data to \
/home/fell/Documents/software/OG_Code_MyExecution/surrogate/m1n0_a900000_Sm1_\
prec_p_HPee.mx"
"47/129"
0.1391472868217054
"-1"
7
"Simplex code..."
"Initial \[Omega] guess: \
0.13773335055708718336718533055389319916`20.150514997827333 + \
6.3774278083916951488287674195093`14.81612143654593*^-7*I"
"\[Omega] value: 0.13773476611289315584204662536429086765`24.150514997826438 \
+ 6.9629264581372472276733682908952`18.8542632301635*^-7*I"
"---------------------------------------------"
"Iteration count: 153"
"Solving angular equation..."
"Done"
"Exporting data to \
/home/fell/Documents/software/OG_Code_MyExecution/surrogate/m1n0_a900000_Sm1_\
prec_p_HPee.mx"
"48/129"
0.14108527131782944
"-1"
10
"Simplex code..."
"Initial \[Omega] guess: \
0.13960993899109350703809401707991597506`20.150514997826594 + \
6.9629264581372472276733682908952`14.848390468735227*^-7*I"
"\[Omega] value: 0.13961108678300139028456342994890173651`24.15051499782557 + \
7.5921257654350329607577382564169`18.88595848368882*^-7*I"
"---------------------------------------------"
"Iteration count: 152"
"Solving angular equation..."
"Done"
"Exporting data to \
/home/fell/Documents/software/OG_Code_MyExecution/surrogate/m1n0_a900000_Sm1_\
prec_p_HPee.mx"
"49/129"
0.14302325581395348
"-1"
13
"Simplex code..."
"Initial \[Omega] guess: \
0.14148459736186860031890972562863088224`20.150514997825738 + \
7.5921257654350329607577382564169`14.880169228281437*^-7*I"
"\[Omega] value: 0.14148556518775888444846819473830113587`24.15051499782458 + \
8.2675283552690397623214634492617`18.917178556918262*^-7*I"
"---------------------------------------------"
"Iteration count: 154"
"Solving angular equation..."
"Done"
"Exporting data to \
/home/fell/Documents/software/OG_Code_MyExecution/surrogate/m1n0_a900000_Sm1_\
prec_p_HPee.mx"
"50/129"
0.1449612403100775
"-1"
16
"Simplex code..."
"Initial \[Omega] guess: \
0.14335729009318609379374469240770321176`20.150514997824768 + \
8.2675283552690397623214634492617`14.911470908065056*^-7*I"
"\[Omega] value: 0.14335816929943873001541307601300900315`24.15051499782345 + \
8.9917337248299827527850304955452`18.947935988971217*^-7*I"
"---------------------------------------------"
"Iteration count: 146"
"Solving angular equation..."
"Done"
"Exporting data to \
/home/fell/Documents/software/OG_Code_MyExecution/surrogate/m1n0_a900000_Sm1_\
prec_p_HPee.mx"
"51/129"
0.14689922480620154
"-1"
19
"Simplex code..."
"Initial \[Omega] guess: \
0.1452279813631651900904136556343280279`20.150514997823667 + \
8.9917337248299827527850304955452`14.942308134528437*^-7*I"
"\[Omega] value: 0.14522886682250187193390576408472643337`24.15051499782217 + \
9.7674396571099452896336040024767`18.978242785968064*^-7*I"
"---------------------------------------------"
"Iteration count: 146"
"Solving angular equation..."
"Done"
"Exporting data to \
/home/fell/Documents/software/OG_Code_MyExecution/surrogate/m1n0_a900000_Sm1_\
prec_p_HPee.mx"
"52/129"
0.14883720930232558
"-1"
22
"Simplex code..."
"Initial \[Omega] guess: \
0.14709663510427060580270360541280082951`20.15051499782242 + \
9.7674396571099452896336040024767`14.972692996494732*^-7*I"
"\[Omega] value: 0.1470976251899911823311175068622701757`24.150514997820725 + \
1.05974435304925982423980845874095`19.0081104475475*^-6*I"
"---------------------------------------------"
"Iteration count: 147"
"Solving angular equation..."
"Done"
"Exporting data to \
/home/fell/Documents/software/OG_Code_MyExecution/surrogate/m1n0_a900000_Sm1_\
prec_p_HPee.mx"
"53/129"
0.1507751937984496
"-1"
25
"Simplex code..."
"Initial \[Omega] guess: \
0.14896321500331258684886352890428003306`20.150514997821002 + \
1.05974435304925982423980845874095`15.00263707197424*^-6*I"
"\[Omega] value: 0.14896441155989175592831275281783279424`24.15051499781908 + \
1.1484643513299486724637834946315`19.037549991534227*^-6*I"
"---------------------------------------------"
"Iteration count: 149"
"Solving angular equation..."
"Done"
"Exporting data to \
/home/fell/Documents/software/OG_Code_MyExecution/surrogate/m1n0_a900000_Sm1_\
prec_p_HPee.mx"
"54/129"
0.15271317829457365
"-1"
28
"Simplex code..."
"Initial \[Omega] guess: \
0.1508276845014469084716044103267869728`20.1505149978194 + \
1.1484643513299486724637834946315`15.032151453098766*^-6*I"
"\[Omega] value: 0.15082919281147107412813720357781475067`24.150514997817236 \
+ 1.2432039631851494474163070405656`19.066571976903475*^-6*I"
"---------------------------------------------"
"Iteration count: 152"
"Solving angular equation..."
"Done"
"Exporting data to \
/home/fell/Documents/software/OG_Code_MyExecution/surrogate/m1n0_a900000_Sm1_\
prec_p_HPee.mx"
"55/129"
0.15465116279069768
"-1"
31
"Simplex code..."
"Initial \[Omega] guess: \
0.15269000679417487523809923095520590078`20.1505149978176 + \
1.2432039631851494474163070405656`15.06124676933264*^-6*I"
"\[Omega] value: 0.15269193554157622810005939056249940457`24.15051499781516 + \
1.34427346988272430989791645092178`19.095186525143642*^-6*I"
"---------------------------------------------"
"Iteration count: 153"
"Solving angular equation..."
"Done"
"Exporting data to \
/home/fell/Documents/software/OG_Code_MyExecution/surrogate/m1n0_a900000_Sm1_\
prec_p_HPee.mx"
"56/129"
0.15658914728682172
"-1"
34
"Simplex code..."
"Initial \[Omega] guess: \
0.15455014483134332103998296912128398659`20.150514997815566 + \
1.34427346988272430989791645092178`15.089933209063206*^-6*I"
"\[Omega] value: 0.15455260606090105590718536810055897159`24.150514997812827 \
+ 1.45199350883234153202995574007468`19.123403340138417*^-6*I"
"---------------------------------------------"
"Iteration count: 152"
"Solving angular equation..."
"Done"
"Exporting data to \
/home/fell/Documents/software/OG_Code_MyExecution/surrogate/m1n0_a900000_Sm1_\
prec_p_HPee.mx"
"57/129"
0.15852713178294572
"-1"
36
"Simplex code..."
"Initial \[Omega] guess: \
0.1564099287804927437090328408074015379`20.150514997813275 + \
1.45199350883234153202995574007468`15.118215354384594*^-6*I"
"\[Omega] value: 0.15641117039021472081754695742777259862`24.150514997810205 \
+ 1.56669513423985884860670531874283`19.151231726661713*^-6*I"
"---------------------------------------------"
"Iteration count: 151"
"Solving angular equation..."
"Done"
"Exporting data to \
/home/fell/Documents/software/OG_Code_MyExecution/surrogate/m1n0_a900000_Sm1_\
prec_p_HPee.mx"
"58/129"
0.16046511627906979
"-1"
39
"Simplex code..."
"Initial \[Omega] guess: \
0.1582656555030248213918234743327660867`20.150514997810713 + \
1.56669513423985884860670531874283`15.146112811577188*^-6*I"
"\[Omega] value: 0.15826759425654864048155655641978362007`24.15051499780727 + \
1.68871985926386313151544220765338`19.178680607574197*^-6*I"
"---------------------------------------------"
"Iteration count: 156"
"Solving angular equation..."
"Done"
"Exporting data to \
/home/fell/Documents/software/OG_Code_MyExecution/surrogate/m1n0_a900000_Sm1_\
prec_p_HPee.mx"
"59/129"
0.16240310077519382
"-1"
42
"Simplex code..."
"Initial \[Omega] guess: \
0.16011908704062688882820757216291836831`20.15051499780784 + \
1.68871985926386313151544220765338`15.173629503299269*^-6*I"
"\[Omega] value: 0.16012184308934212936269480200349227915`24.150514997803988 \
+ 1.8184196778925541630742141661197`19.20575853980449*^-6*I"
"---------------------------------------------"
"Iteration count: 163"
"Solving angular equation..."
"Done"
"Exporting data to \
/home/fell/Documents/software/OG_Code_MyExecution/surrogate/m1n0_a900000_Sm1_\
prec_p_HPee.mx"
"60/129"
0.16434108527131783
"-1"
44
"Simplex code..."
"Initial \[Omega] guess: \
0.16197226593854608771927372805282926398`20.15051499780462 + \
1.8184196778925541630742141661197`15.200768462362342*^-6*I"
"\[Omega] value: 0.16197388201653369465158169425534195293`24.15051499780032 + \
1.95615706455900371841511426843601`19.232473729180494*^-6*I"
"---------------------------------------------"
"Iteration count: 147"
"Solving angular equation..."
"Done"
"Exporting data to \
/home/fell/Documents/software/OG_Code_MyExecution/surrogate/m1n0_a900000_Sm1_\
prec_p_HPee.mx"
"61/129"
0.16627906976744186
"-1"
47
"Simplex code..."
"Initial \[Omega] guess: \
0.16382106729975535871754129266046455722`20.150514997801032 + \
1.95615706455900371841511426843601`15.227548969152913*^-6*I"
"\[Omega] value: 0.16382367586061562049576375775926570605`24.150514997796233 \
+ 2.10230494942606310636292609510323`19.258834044191826*^-6*I"
"---------------------------------------------"
"Iteration count: 150"
"Solving angular equation..."
"Done"
"Exporting data to \
/home/fell/Documents/software/OG_Code_MyExecution/surrogate/m1n0_a900000_Sm1_\
prec_p_HPee.mx"
"62/129"
0.1682170542635659
"-1"
49
"Simplex code..."
"Initial \[Omega] guess: \
0.16566969172462001365824299654025338558`20.150514997797025 + \
2.10230494942606310636292609510323`15.253967646440119*^-6*I"
"\[Omega] value: 0.16567118913462061378055921676942552108`24.15051499779168 + \
2.25724666694024343082293529288603`19.28484702872352*^-6*I"
"---------------------------------------------"
"Iteration count: 151"
"Solving angular equation..."
"Done"
"Exporting data to \
/home/fell/Documents/software/OG_Code_MyExecution/surrogate/m1n0_a900000_Sm1_\
prec_p_HPee.mx"
"63/129"
0.1701550387596899
"-1"
52
"Simplex code..."
"Initial \[Omega] guess: \
0.16751371596166160870006162601765989654`20.150514997792563 + \
2.25724666694024343082293529288603`15.280043645505552*^-6*I"
"\[Omega] value: 0.16751638603805755868161813813872752794`24.15051499778662 + \
2.42137587517099285481524152215355`19.310519913828124*^-6*I"
"---------------------------------------------"
"Iteration count: 152"
"Solving angular equation..."
"Done"
"Exporting data to \
/home/fell/Documents/software/OG_Code_MyExecution/surrogate/m1n0_a900000_Sm1_\
prec_p_HPee.mx"
"64/129"
0.17209302325581396
"-1"
4
"Simplex code..."
"Initial \[Omega] guess: \
0.16935701695798666578604247103227898649`20.150514997787603 + \
2.42137587517099285481524152215355`15.305774013442864*^-6*I"
"\[Omega] value: 0.16935923045278421357856848242903017983`24.150514997781002 \
+ 2.59509644314362487429402306924135`19.335859628578834*^-6*I"
"---------------------------------------------"
"Iteration count: 151"
"Solving angular equation..."
"Done"
"Exporting data to \
/home/fell/Documents/software/OG_Code_MyExecution/surrogate/m1n0_a900000_Sm1_\
prec_p_HPee.mx"
"65/129"
0.17403100775193797
"-1"
8
"Simplex code..."
"Initial \[Omega] guess: \
0.17119772592515948401914470428544234642`20.1505149977821 + \
2.59509644314362487429402306924135`15.331170508710633*^-6*I"
"\[Omega] value: 0.17119968593881203473705296492819522411`24.150514997774785 \
+ 2.77882230313394081497648867670886`19.360872810046047*^-6*I"
"---------------------------------------------"
"Iteration count: 154"
"Solving angular equation..."
"Done"
"Exporting data to \
/home/fell/Documents/software/OG_Code_MyExecution/surrogate/m1n0_a900000_Sm1_\
prec_p_HPee.mx"
"66/129"
0.175968992248062
"-1"
12
"Simplex code..."
"Initial \[Omega] guess: \
0.17303579896745566665202725038317704391`20.15051499777599 + \
2.77882230313394081497648867670886`15.356239811104281*^-6*I"
"\[Omega] value: 0.17303771573004346694308340248410446758`24.150514997767893 \
+ 2.97297726462903811960174178151102`19.385565812437772*^-6*I"
"---------------------------------------------"
"Iteration count: 151"
"Solving angular equation..."
"Done"
"Exporting data to \
/home/fell/Documents/software/OG_Code_MyExecution/surrogate/m1n0_a900000_Sm1_\
prec_p_HPee.mx"
"67/129"
0.17790697674418604
"-1"
16
"Simplex code..."
"Initial \[Omega] guess: \
0.17487119186161150385061540171762744635`20.150514997769232 + \
2.97297726462903811960174178151102`15.380988315738565*^-6*I"
"\[Omega] value: 0.17487328272992296931076433625693414872`24.150514997760272 \
+ 3.17799478628429236510174475670777`19.409944715429557*^-6*I"
"---------------------------------------------"
"Iteration count: 153"
"Solving angular equation..."
"Done"
"Exporting data to \
/home/fell/Documents/software/OG_Code_MyExecution/surrogate/m1n0_a900000_Sm1_\
prec_p_HPee.mx"
"68/129"
0.17984496124031008
"-1"
20
"Simplex code..."
"Initial \[Omega] guess: \
0.17670386005682399154678378009008847822`20.150514997761753 + \
3.17799478628429236510174475670777`15.40542214146669*^-6*I"
"\[Omega] value: 0.1767063495070250768965247623792411748`24.15051499775187 + \
3.39431770202290307934325719559571`19.43401533172857*^-6*I"
"---------------------------------------------"
"Iteration count: 147"
"Solving angular equation..."
"Done"
"Exporting data to \
/home/fell/Documents/software/OG_Code_MyExecution/surrogate/m1n0_a900000_Sm1_\
prec_p_HPee.mx"
"69/129"
0.1817829457364341
"-1"
24
"Simplex code..."
"Initial \[Omega] guess: \
0.17853375867475083143835633671100562084`20.1505149977535 + \
3.39431770202290307934325719559571`15.429547138527841*^-6*I"
"\[Omega] value: 0.1785368782905373909395069122920231037`24.1505149977426 + \
3.62239789681991505963382109589527`19.45778321387724*^-6*I"
"---------------------------------------------"
"Iteration count: 149"
"Solving angular equation..."
"Done"
"Exporting data to \
/home/fell/Documents/software/OG_Code_MyExecution/surrogate/m1n0_a900000_Sm1_\
prec_p_HPee.mx"
"70/129"
0.18372093023255814
"-1"
28
"Simplex code..."
"Initial \[Omega] guess: \
0.1803608425095104309891063521999749126`20.1505149977444 + \
3.62239789681991505963382109589527`15.453368895428572*^-6*I"
"\[Omega] value: 0.18036483096566001604338401407690628844`24.150514997732397 \
+ 3.86269592753229295458167355907387`19.481253660331785*^-6*I"
"---------------------------------------------"
"Iteration count: 157"
"Solving angular equation..."
"Done"
"Exporting data to \
/home/fell/Documents/software/OG_Code_MyExecution/surrogate/m1n0_a900000_Sm1_\
prec_p_HPee.mx"
"71/129"
0.18565891472868218
"-1"
31
"Simplex code..."
"Initial \[Omega] guess: \
0.18218806580283163692531788540296798709`20.15051499773438 + \
3.86269592753229295458167355907387`15.476885594260606*^-6*I"
"\[Omega] value: 0.18219016906890478805273153519445145014`24.150514997721178 \
+ 4.11568058356879964170355221446696`19.50443172082791*^-6*I"
"---------------------------------------------"
"Iteration count: 150"
"Solving angular equation..."
"Done"
"Exporting data to \
/home/fell/Documents/software/OG_Code_MyExecution/surrogate/m1n0_a900000_Sm1_\
prec_p_HPee.mx"
"72/129"
0.1875968992248062
"-1"
35
"Simplex code..."
"Initial \[Omega] guess: \
0.18400947806611644145452542315063427684`20.15051499772336 + \
4.11568058356879964170355221446696`15.500116466213427*^-6*I"
"\[Omega] value: 0.18401285378328780468365905616924731432`24.150514997708857 \
+ 4.38182838174061962916615669610127`19.527322201047255*^-6*I"
"---------------------------------------------"
"Iteration count: 153"
"Solving angular equation..."
"Done"
"Exporting data to \
/home/fell/Documents/software/OG_Code_MyExecution/surrogate/m1n0_a900000_Sm1_\
prec_p_HPee.mx"
"73/129"
0.18953488372093022
"-1"
38
"Simplex code..."
"Initial \[Omega] guess: \
0.18583113154705193676847169110095218503`20.150514997711262 + \
4.38182838174061962916615669610127`15.523051890362046*^-6*I"
"\[Omega] value: 0.18583284593341387703911638972814837479`24.15051499769535 + \
4.6616229891388391183105885298824`19.54992966659788*^-6*I"
"---------------------------------------------"
"Iteration count: 150"
"Solving angular equation..."
"Done"
"Exporting data to \
/home/fell/Documents/software/OG_Code_MyExecution/surrogate/m1n0_a900000_Sm1_\
prec_p_HPee.mx"
"74/129"
0.19147286821705425
"-1"
42
"Simplex code..."
"Initial \[Omega] guess: \
0.18764669545225737756590438861791901165`20.15051499769798 + \
4.6616229891388391183105885298824`15.545711223857115*^-6*I"
"\[Omega] value: 0.18765010598042862096534813047245169948`24.150514997680553 \
+ 4.95555456720247896788286561540615`19.572258446307547*^-6*I"
"---------------------------------------------"
"Iteration count: 148"
"Solving angular equation..."
"Done"
"Exporting data to \
/home/fell/Documents/software/OG_Code_MyExecution/surrogate/m1n0_a900000_Sm1_\
prec_p_HPee.mx"
"75/129"
0.19341085271317832
"-1"
45
"Simplex code..."
"Initial \[Omega] guess: \
0.1894626091142660045309549446428119763`20.150514997683434 + \
4.95555456720247896788286561540615`15.568083746602829*^-6*I"
"\[Omega] value: 0.18946459401686771098991083418005523127`24.150514997664363 \
+ 5.26411902977167038581842674990567`19.59431263484988*^-6*I"
"---------------------------------------------"
"Iteration count: 149"
"Solving angular equation..."
"Done"
"Exporting data to \
/home/fell/Documents/software/OG_Code_MyExecution/surrogate/m1n0_a900000_Sm1_\
prec_p_HPee.mx"
"76/129"
0.19534883720930235
"-1"
49
"Simplex code..."
"Initial \[Omega] guess: \
0.19127214550012763289587534662876579118`20.150514997667514 + \
5.26411902977167038581842674990567`15.590188969068905*^-6*I"
"\[Omega] value: 0.19127626976134720647792239892596920872`24.150514997646678 \
+ 5.58781720685474147837164752343155`19.61609609468271*^-6*I"
"---------------------------------------------"
"Iteration count: 151"
"Solving angular equation..."
"Done"
"Exporting data to \
/home/fell/Documents/software/OG_Code_MyExecution/surrogate/m1n0_a900000_Sm1_\
prec_p_HPee.mx"
"77/129"
0.19728682170542633
"-1"
52
"Simplex code..."
"Initial \[Omega] guess: \
0.19308214712577788777481298513240558647`20.150514997650127 + \
5.58781720685474147837164752343155`15.61201506869044*^-6*I"
"\[Omega] value: 0.19308509255312304239191608597067542926`24.150514997627372 \
+ 5.92715390546915935194283097417458`19.637612457310134*^-6*I"
"---------------------------------------------"
"Iteration count: 160"
"Solving angular equation..."
"Done"
"Exporting data to \
/home/fell/Documents/software/OG_Code_MyExecution/surrogate/m1n0_a900000_Sm1_\
prec_p_HPee.mx"
"78/129"
0.19922480620155036
"-1"
5
"Simplex code..."
"Initial \[Omega] guess: \
0.19488733810134829272453271579691642376`20.15051499763114 + \
5.92715390546915935194283097417458`15.633577578210177*^-6*I"
"\[Omega] value: 0.19489102134649698735086664281854121871`24.15051499760633 + \
6.28263685790686499826270660273462`19.658865123855943*^-6*I"
"---------------------------------------------"
"Iteration count: 151"
"Solving angular equation..."
"Done"
"Exporting data to \
/home/fell/Documents/software/OG_Code_MyExecution/surrogate/m1n0_a900000_Sm1_\
prec_p_HPee.mx"
"79/129"
0.20116279069767443
"-1"
10
"Simplex code..."
"Initial \[Omega] guess: \
0.19668919210249481888372593779692262142`20.15051499761044 + \
6.28263685790686499826270660273462`15.654876458961446*^-6*I"
"\[Omega] value: 0.19669401470506040794968501906636569667`24.15051499758343 + \
6.65477554695520528508678721142088`19.679857264937482*^-6*I"
"---------------------------------------------"
"Iteration count: 148"
"Solving angular equation..."
"Done"
"Exporting data to \
/home/fell/Documents/software/OG_Code_MyExecution/surrogate/m1n0_a900000_Sm1_\
prec_p_HPee.mx"
"80/129"
0.20310077519379846
"-1"
14
"Simplex code..."
"Initial \[Omega] guess: \
0.19849158255634098034446850460562197192`20.15051499758791 + \
6.65477554695520528508678721142088`15.675906315371536*^-6*I"
"\[Omega] value: 0.19849403079577278220361275745677058432`24.150514997558524 \
+ 7.04407989671057714725593161981766`19.700591819828514*^-6*I"
"---------------------------------------------"
"Iteration count: 150"
"Solving angular equation..."
"Done"
"Exporting data to \
/home/fell/Documents/software/OG_Code_MyExecution/surrogate/m1n0_a900000_Sm1_\
prec_p_HPee.mx"
"81/129"
0.20503875968992247
"-1"
19
"Simplex code..."
"Initial \[Omega] guess: \
0.20028671456449363718018154920593435994`20.150514997563395 + \
7.04407989671057714725593161981766`15.69668712823433*^-6*I"
"\[Omega] value: 0.20029102738284498685765887266264629246`24.150514997531477 \
+ 7.45105881643232597171832168340738`19.72107149488435*^-6*I"
"---------------------------------------------"
"Iteration count: 149"
"Solving angular equation..."
"Done"
"Exporting data to \
/home/fell/Documents/software/OG_Code_MyExecution/surrogate/m1n0_a900000_Sm1_\
prec_p_HPee.mx"
"82/129"
0.2069767441860465
"-1"
23
"Simplex code..."
"Initial \[Omega] guess: \
0.20208250569781897273181478531978224382`20.150514997536785 + \
7.45105881643232597171832168340738`15.717204270911754*^-6*I"
"\[Omega] value: 0.20208496182146350386072468528315130504`24.150514997502135 \
+ 7.87621858418520809976284713445881`19.741298761223835*^-6*I"
"---------------------------------------------"
"Iteration count: 154"
"Solving angular equation..."
"Done"
"Exporting data to \
/home/fell/Documents/software/OG_Code_MyExecution/surrogate/m1n0_a900000_Sm1_\
prec_p_HPee.mx"
"83/129"
0.20891472868217054
"-1"
28
"Simplex code..."
"Initial \[Omega] guess: \
0.20387070630345950799332681617287740573`20.15051499750789 + \
7.87621858418520809976284713445881`15.737477930346786*^-6*I"
"\[Omega] value: 0.20387579105128398575320198570243142741`24.150514997470353 \
+ 8.32006105521426895509127566187823`19.76127585161938*^-6*I"
"---------------------------------------------"
"Iteration count: 149"
"Solving angular equation..."
"Done"
"Exporting data to \
/home/fell/Documents/software/OG_Code_MyExecution/surrogate/m1n0_a900000_Sm1_\
prec_p_HPee.mx"
"84/129"
0.21085271317829457
"-1"
32
"Simplex code..."
"Initial \[Omega] guess: \
0.20565969589623325165158378772301811079`20.1505149974766 + \
8.32006105521426895509127566187823`15.757492321479212*^-6*I"
"\[Omega] value: 0.205663471589730395252140223574770653`24.150514997435952 + \
8.7830816793019811090764285519526`19.781004756578717*^-6*I"
"---------------------------------------------"
"Iteration count: 151"
"Solving angular equation..."
"Done"
"Exporting data to \
/home/fell/Documents/software/OG_Code_MyExecution/surrogate/m1n0_a900000_Sm1_\
prec_p_HPee.mx"
"85/129"
0.2127906976744186
"-1"
36
"Simplex code..."
"Initial \[Omega] guess: \
0.20744526913079499999985407745758143135`20.15051499744273 + \
8.7830816793019811090764285519526`15.777258383961184*^-6*I"
"\[Omega] value: 0.20744795952507054587250615333537570369`24.150514997398783 \
+ 9.26576730964147328293131319159408`19.80048721957535*^-6*I"
"---------------------------------------------"
"Iteration count: 154"
"Solving angular equation..."
"Done"
"Exporting data to \
/home/fell/Documents/software/OG_Code_MyExecution/surrogate/m1n0_a900000_Sm1_\
prec_p_HPee.mx"
"86/129"
0.21472868217054264
"-1"
41
"Simplex code..."
"Initial \[Omega] guess: \
0.2092227356263274804849173539731828995`20.150514997406102 + \
9.26576730964147328293131319159408`15.796787510734804*^-6*I"
"\[Omega] value: 0.20922921050925852680508018138999525678`24.150514997358652 \
+ 9.76859378435740285162127636529174`19.81972473138452*^-6*I"
"---------------------------------------------"
"Iteration count: 148"
"Solving angular equation..."
"Done"
"Exporting data to \
/home/fell/Documents/software/OG_Code_MyExecution/surrogate/m1n0_a900000_Sm1_\
prec_p_HPee.mx"
"87/129"
0.21666666666666667
"-1"
45
"Simplex code..."
"Initial \[Omega] guess: \
0.21100120087457395156200397434530014606`20.15051499736657 + \
9.76859378435740285162127636529174`15.816062120700922*^-6*I"
"\[Omega] value: 0.21100717975053968039433494772659587346`24.150514997315383 \
+ 0.00001029202326027598630323130852536208`19.838718523478327*I"
"---------------------------------------------"
"Iteration count: 153"
"Solving angular equation..."
"Done"
"Exporting data to \
/home/fell/Documents/software/OG_Code_MyExecution/surrogate/m1n0_a900000_Sm1_\
prec_p_HPee.mx"
"88/129"
0.2186046511627907
"-1"
49
"Simplex code..."
"Initial \[Omega] guess: \
0.21277609834728694410540453213452811522`20.15051499732394 + \
0.00001029202326027598630323130852536208`15.83509291536622*I"
"\[Omega] value: 0.21278182200578121093520437297763198772`24.15051499726879 + \
0.00001083650127657688254593953803272349`19.85746956041486*I"
"---------------------------------------------"
"Iteration count: 156"
"Solving angular equation..."
"Done"
"Exporting data to \
/home/fell/Documents/software/OG_Code_MyExecution/surrogate/m1n0_a900000_Sm1_\
prec_p_HPee.mx"
"89/129"
0.22054263565891472
"-1"
53
"Simplex code..."
"Initial \[Omega] guess: \
0.21454737765936977550296607924265602758`20.150514997278023 + \
0.00001083650127657688254593953803272349`15.853880873100772*I"
"\[Omega] value: 0.2145530915725774254124388306366356984`24.15051499721868 + \
0.00001140245352475011841834716505676788`19.875978531175786*I"
"---------------------------------------------"
"Iteration count: 152"
"Solving angular equation..."
"Done"
"Exporting data to \
/home/fell/Documents/software/OG_Code_MyExecution/surrogate/m1n0_a900000_Sm1_\
prec_p_HPee.mx"
"90/129"
0.22248062015503875
"-1"
5
"Simplex code..."
"Initial \[Omega] guess: \
0.21631691346071023515967461969728173256`20.150514997228644 + \
0.00001140245352475011841834716505676788`15.872422830472791*I"
"\[Omega] value: 0.2163209422810385327060472746273720976`24.15051499716485 + \
0.00001199028229835901474770411662679039`19.894245839356305*I"
"---------------------------------------------"
"Iteration count: 149"
"Solving angular equation..."
"Done"
"Exporting data to \
/home/fell/Documents/software/OG_Code_MyExecution/surrogate/m1n0_a900000_Sm1_\
prec_p_HPee.mx"
"91/129"
0.22441860465116278
"-1"
10
"Simplex code..."
"Initial \[Omega] guess: \
0.21808258175585496152665185766701092948`20.150514997175588 + \
0.00001199028229835901474770411662679039`15.89072342550659*I"
"\[Omega] value: 0.21808532748531289953609497635487396307`24.150514997107106 \
+ 0.00001260036259494590873021970259993288`19.912271592141913*I"
"---------------------------------------------"
"Iteration count: 148"
"Solving angular equation..."
"Done"
"Exporting data to \
/home/fell/Documents/software/OG_Code_MyExecution/surrogate/m1n0_a900000_Sm1_\
prec_p_HPee.mx"
"92/129"
0.22635658914728682
"-1"
16
"Simplex code..."
"Initial \[Omega] guess: \
0.21983888863394504001496572148240291221`20.150514997118627 + \
0.00001260036259494590873021970259993288`15.90879352004483*I"
"\[Omega] value: 0.21984620005480794459538636657204540523`24.150514997045246 \
+ 0.00001323303783965991162664260687997374`19.930055587972344*I"
"---------------------------------------------"
"Iteration count: 149"
"Solving angular equation..."
"Done"
"Exporting data to \
/home/fell/Documents/software/OG_Code_MyExecution/surrogate/m1n0_a900000_Sm1_\
prec_p_HPee.mx"
"93/129"
0.22829457364341083
"-1"
21
"Simplex code..."
"Initial \[Omega] guess: \
0.22159650848847920961858608653155487234`20.15051499705762 + \
0.00001323303783965991162664260687997374`15.926611638121527*I"
"\[Omega] value: 0.22160351236510732510169182665687075919`24.15051499697905 + \
0.00001388861519799992745323390915046239`19.94759730278819*I"
"---------------------------------------------"
"Iteration count: 151"
"Solving angular equation..."
"Done"
"Exporting data to \
/home/fell/Documents/software/OG_Code_MyExecution/surrogate/m1n0_a900000_Sm1_\
prec_p_HPee.mx"
"94/129"
0.2302325581395349
"-1"
26
"Simplex code..."
"Initial \[Omega] guess: \
0.22335008501372455162563685269889491457`20.15051499699234 + \
0.00001388861519799992745323390915046239`15.944187820267505*I"
"\[Omega] value: 0.22335721628854531347967244514364570007`24.150514996908328 \
+ 0.00001456736044233062402206732691690708`19.964895874734744*I"
"---------------------------------------------"
"Iteration count: 155"
"Solving angular equation..."
"Done"
"Exporting data to \
/home/fell/Documents/software/OG_Code_MyExecution/surrogate/m1n0_a900000_Sm1_\
prec_p_HPee.mx"
"95/129"
0.23217054263565892
"-1"
31
"Simplex code..."
"Initial \[Omega] guess: \
0.22509955956649985175062002445782226727`20.150514996922567 + \
0.00001456736044233062402206732691690708`15.961521217839675*I"
"\[Omega] value: 0.22510726318450844021201135829229508434`24.150514996832854 \
+ 0.00001526949233486706297050394594905871`19.981950087203124*I"
"---------------------------------------------"
"Iteration count: 154"
"Solving angular equation..."
"Done"
"Exporting data to \
/home/fell/Documents/software/OG_Code_MyExecution/surrogate/m1n0_a900000_Sm1_\
prec_p_HPee.mx"
"96/129"
0.23410852713178296
"-1"
36
"Simplex code..."
"Initial \[Omega] guess: \
0.22684487309419987897859762158530556835`20.150514996848102 + \
0.00001526949233486706297050394594905871`15.978610626894342*I"
"\[Omega] value: 0.22685360388934740115635329525081113296`24.15051499675245 + \
0.0000159951764858235982705193037722997`19.99875835003281*I"
"---------------------------------------------"
"Iteration count: 151"
"Solving angular equation..."
"Done"
"Exporting data to \
/home/fell/Documents/software/OG_Code_MyExecution/surrogate/m1n0_a900000_Sm1_\
prec_p_HPee.mx"
"97/129"
0.23604651162790696
"-1"
40
"Simplex code..."
"Initial \[Omega] guess: \
0.22859213114842023879783552702945700338`20.15051499676881 + \
0.0000159951764858235982705193037722997`15.995442756535395*I"
"\[Omega] value: 0.22859618870597579254632280323197261181`24.150514996666896 \
+ 0.00001674451864365369923762565899374093`20.015318678716323*I"
"---------------------------------------------"
"Iteration count: 149"
"Solving angular equation..."
"Done"
"Exporting data to \
/home/fell/Documents/software/OG_Code_MyExecution/surrogate/m1n0_a900000_Sm1_\
prec_p_HPee.mx"
"98/129"
0.237984496124031
"-1"
45
"Simplex code..."
"Initial \[Omega] guess: \
0.23032909692819201756970234145856154532`20.15051499668436 + \
0.00001674451864365369923762565899374093`16.012038859211813*I"
"\[Omega] value: 0.23033496739311622452994652899756570217`24.150514996576014 \
+ 0.00001751755737050273615719481486983491`20.031628671400544*I"
"---------------------------------------------"
"Iteration count: 148"
"Solving angular equation..."
"Done"
"Exporting data to \
/home/fell/Documents/software/OG_Code_MyExecution/surrogate/m1n0_a900000_Sm1_\
prec_p_HPee.mx"
"99/129"
0.23992248062015503
"-1"
50
"Simplex code..."
"Initial \[Omega] guess: \
0.23206172458239213109336599278392819139`20.150514996594637 + \
0.00001751755737050273615719481486983491`16.028385029680663*I"
"\[Omega] value: 0.23206988915419544873388108563145347625`24.15051499647962 + \
0.00001831425605297953964624592284104266`20.047685483458125*I"
"---------------------------------------------"
"Iteration count: 149"
"Solving angular equation..."
"Done"
"Exporting data to \
/home/fell/Documents/software/OG_Code_MyExecution/surrogate/m1n0_a900000_Sm1_\
prec_p_HPee.mx"
"100/129"
0.24186046511627907
"-1"
6
"Simplex code..."
"Initial \[Omega] guess: \
0.23379122886899349719716584455565665323`20.150514996499464 + \
0.00001831425605297953964624592284104266`16.04447606456385*I"
"\[Omega] value: 0.23380090262589296259694933396516040653`24.150514996377552 \
+ 0.00001913449419495657754471815002914044`20.063485799370095*I"
"---------------------------------------------"
"Iteration count: 150"
"Solving angular equation..."
"Done"
"Exporting data to \
/home/fell/Documents/software/OG_Code_MyExecution/surrogate/m1n0_a900000_Sm1_\
prec_p_HPee.mx"
"101/129"
0.2437984496124031
"-1"
11
"Simplex code..."
"Initial \[Omega] guess: \
0.23552287218941443090018477277488170167`20.15051499639874 + \
0.00001913449419495657754471815002914044`16.06029889399511*I"
"\[Omega] value: 0.23552795586630282725310408031530176373`24.15051499626965 + \
0.00001997805793522613211482231206869888`20.079025801615014*I"
"---------------------------------------------"
"Iteration count: 153"
"Solving angular equation..."
"Done"
"Exporting data to \
/home/fell/Documents/software/OG_Code_MyExecution/surrogate/m1n0_a900000_Sm1_\
prec_p_HPee.mx"
"102/129"
0.24573643410852714
"-1"
17
"Simplex code..."
"Initial \[Omega] guess: \
0.23724316448945656846645543424470802491`20.15051499629216 + \
0.00001997805793522613211482231206869888`16.075874556239796*I"
"\[Omega] value: 0.23725099634281364974175841841350036468`24.15051499615579 + \
0.0000208446297303280110101255538818705`20.094301136241903*I"
"---------------------------------------------"
"Iteration count: 153"
"Solving angular equation..."
"Done"
"Exporting data to \
/home/fell/Documents/software/OG_Code_MyExecution/surrogate/m1n0_a900000_Sm1_\
prec_p_HPee.mx"
"103/129"
0.24767441860465117
"-1"
22
"Simplex code..."
"Initial \[Omega] guess: \
0.23896579069364022641597676686438418662`20.15051499617976 + \
0.0000208446297303280110101255538818705`16.091173447518944*I"
"\[Omega] value: 0.23896997091957353444708588662533566957`24.150514996035863 \
+ 0.00002173377713716844662112941043495818`20.10930687470894*I"
"---------------------------------------------"
"Iteration count: 151"
"Solving angular equation..."
"Done"
"Exporting data to \
/home/fell/Documents/software/OG_Code_MyExecution/surrogate/m1n0_a900000_Sm1_\
prec_p_HPee.mx"
"104/129"
0.2496124031007752
"-1"
28
"Simplex code..."
"Initial \[Omega] guess: \
0.24067660670201914739614669366794073348`20.150514996061244 + \
0.00002173377713716844662112941043495818`16.1062163257119*I"
"\[Omega] value: 0.24068482584465442400619032201916227236`24.150514995909788 \
+ 0.00002264494062808220403262000754709711`20.1240374715531*I"
"---------------------------------------------"
"Iteration count: 154"
"Solving angular equation..."
"Done"
"Exporting data to \
/home/fell/Documents/software/OG_Code_MyExecution/surrogate/m1n0_a900000_Sm1_\
prec_p_HPee.mx"
"105/129"
0.25155038759689924
"-1"
33
"Simplex code..."
"Initial \[Omega] guess: \
0.2423899600663910504757264558039557781`20.15051499593674 + \
0.00002264494062808220403262000754709711`16.12097155516096*I"
"\[Omega] value: 0.24239550673688592148482655334415609741`24.150514995777527 \
+ 0.00002357742036594240386426858343272717`20.138486717359516*I"
"---------------------------------------------"
"Iteration count: 154"
"Solving angular equation..."
"Done"
"Exporting data to \
/home/fell/Documents/software/OG_Code_MyExecution/surrogate/m1n0_a900000_Sm1_\
prec_p_HPee.mx"
"106/129"
0.2534883720930233
"-1"
39
"Simplex code..."
"Initial \[Omega] guess: \
0.2440910317931857066881540594298186767`20.150514995805974 + \
0.00002357742036594240386426858343272717`16.13545945928696*I"
"\[Omega] value: 0.24410195857239018322331444130409638041`24.15051499563909 + \
0.00002453036186330239503157798281614404`20.152647686423638*I"
"---------------------------------------------"
"Iteration count: 155"
"Solving angular equation..."
"Done"
"Exporting data to \
/home/fell/Documents/software/OG_Code_MyExecution/surrogate/m1n0_a900000_Sm1_\
prec_p_HPee.mx"
"107/129"
0.2554263565891473
"-1"
44
"Simplex code..."
"Initial \[Omega] guess: \
0.24579485307312396276530356734642886107`20.15051499566919 + \
0.00002453036186330239503157798281614404`16.149646165932996*I"
"\[Omega] value: 0.24580412567080815732498585449811413946`24.150514995494504 \
+ 0.00002550274044500106908229598642254192`20.166512678390525*I"
"---------------------------------------------"
"Iteration count: 152"
"Solving angular equation..."
"Done"
"Exporting data to \
/home/fell/Documents/software/OG_Code_MyExecution/surrogate/m1n0_a900000_Sm1_\
prec_p_HPee.mx"
"108/129"
0.25736434108527134
"-1"
49
"Simplex code..."
"Initial \[Omega] guess: \
0.24749389957257468664752404735075179736`20.15051499552631 + \
0.00002550274044500106908229598642254192`16.163537347835202*I"
"\[Omega] value: 0.24750195168126354019757327169166657067`24.150514995343876 \
+ 0.00002649334443135987544534190860371838`20.180073153067067*I"
"---------------------------------------------"
"Iteration count: 149"
"Solving angular equation..."
"Done"
"Exporting data to \
/home/fell/Documents/software/OG_Code_MyExecution/surrogate/m1n0_a900000_Sm1_\
prec_p_HPee.mx"
"109/129"
0.2593023255813954
"-1"
54
"Simplex code..."
"Initial \[Omega] guess: \
0.24918810787856576756329712859354010997`20.150514995377435 + \
0.00002649334443135987544534190860371838`16.177124468579393*I"
"\[Omega] value: 0.2491953795681740460220810478318812266`24.150514995187372 + \
0.00002750075695190392822773975320320103`20.1933196574032*I"
"---------------------------------------------"
"Iteration count: 151"
"Solving angular equation..."
"Done"
"Exporting data to \
/home/fell/Documents/software/OG_Code_MyExecution/surrogate/m1n0_a900000_Sm1_\
prec_p_HPee.mx"
"110/129"
0.26124031007751936
"-1"
6
"Simplex code..."
"Initial \[Omega] guess: \
0.25087902616933238536401255593303828599`20.150514995222746 + \
0.00002750075695190392822773975320320103`16.19039528785369*I"
"\[Omega] value: 0.25088435159686197011314296944537268228`24.150514995025215 \
+ 0.00002852333629934793692908873452599782`20.206241743534257*I"
"---------------------------------------------"
"Iteration count: 144"
"Solving angular equation..."
"Done"
"Exporting data to \
/home/fell/Documents/software/OG_Code_MyExecution/surrogate/m1n0_a900000_Sm1_\
prec_p_HPee.mx"
"111/129"
0.2631782945736434
"-1"
13
"Simplex code..."
"Initial \[Omega] guess: \
0.25255620788192231746409785007671722598`20.150514995062252 + \
0.00002852333629934793692908873452599782`16.203357269467745*I"
"\[Omega] value: 0.25256880931883049642763388175824142849`24.150514994857726 \
+ 0.00002955919472746446829972570174808029`20.218827876527275*I"
"---------------------------------------------"
"Iteration count: 154"
"Solving angular equation..."
"Done"
"Exporting data to \
/home/fell/Documents/software/OG_Code_MyExecution/surrogate/m1n0_a900000_Sm1_\
prec_p_HPee.mx"
"112/129"
0.2651162790697674
"-1"
19
"Simplex code..."
"Initial \[Omega] guess: \
0.25423648017597354297929823541432318569`20.150514994896618 + \
0.00002955919472746446829972570174808029`16.215969726187886*I"
"\[Omega] value: 0.25424869355728493997579946902771731168`24.15051499468529 + \
0.00003060617559310558653619667122265018`20.23106533022985*I"
"---------------------------------------------"
"Iteration count: 151"
"Solving angular equation..."
"Done"
"Exporting data to \
/home/fell/Documents/software/OG_Code_MyExecution/surrogate/m1n0_a900000_Sm1_\
prec_p_HPee.mx"
"113/129"
0.26705426356589146
"-1"
25
"Simplex code..."
"Initial \[Omega] guess: \
0.25591141344359994636143696161080530298`20.150514994726052 + \
0.00003060617559310558653619667122265018`16.228234404768806*I"
"\[Omega] value: 0.25592394439241263496248456072086525613`24.150514994508423 \
+ 0.00003166182874119289578707981744755826`20.242940069345735*I"
"---------------------------------------------"
"Iteration count: 148"
"Solving angular equation..."
"Done"
"Exporting data to \
/home/fell/Documents/software/OG_Code_MyExecution/surrogate/m1n0_a900000_Sm1_\
prec_p_HPee.mx"
"114/129"
0.2689922480620155
"-1"
31
"Simplex code..."
"Initial \[Omega] guess: \
0.25758093480594381347493127774136729875`20.15051499455105 + \
0.00003166182874119289578707981744755826`16.240137275023617*I"
"\[Omega] value: 0.25759450114673408468131996753967390504`24.15051499432772 + \
0.00003272338402575488472022536276535188`20.254436615446746*I"
"---------------------------------------------"
"Iteration count: 149"
"Solving angular equation..."
"Done"
"Exporting data to \
/home/fell/Documents/software/OG_Code_MyExecution/surrogate/m1n0_a900000_Sm1_\
prec_p_HPee.mx"
"115/129"
0.2709302325581395
"-1"
36
"Simplex code..."
"Initial \[Omega] guess: \
0.25925429299139388332668903119331119931`20.15051499437245 + \
0.00003272338402575488472022536276535188`16.251647246819594*I"
"\[Omega] value: 0.25926030237071087339943451747826087554`24.15051499414392 + \
0.00003378772286171099930940638703234784`20.26553789423429*I"
"---------------------------------------------"
"Iteration count: 152"
"Solving angular equation..."
"Done"
"Exporting data to \
/home/fell/Documents/software/OG_Code_MyExecution/surrogate/m1n0_a900000_Sm1_\
prec_p_HPee.mx"
"116/129"
0.27286821705426356
"-1"
42
"Simplex code..."
"Initial \[Omega] guess: \
0.26091297142074630698936210586784486492`20.150514994190488 + \
0.00003378772286171099930940638703234784`16.26277824667856*I"
"\[Omega] value: 0.26092128582856563564453648993597109138`24.15051499395786 + \
0.00003485134769551690323796574357244125`20.276225060735197*I"
"---------------------------------------------"
"Iteration count: 148"
"Solving angular equation..."
"Done"
"Exporting data to \
/home/fell/Documents/software/OG_Code_MyExecution/surrogate/m1n0_a900000_Sm1_\
prec_p_HPee.mx"
"117/129"
0.2748062015503876
"-1"
48
"Simplex code..."
"Initial \[Omega] guess: \
0.26256601924273519312983238358389968229`20.150514994006244 + \
0.00003485134769551690323796574357244125`16.273496050970184*I"
"\[Omega] value: 0.26257738848429468858761836877816425101`24.15051499377056 + \
0.00003591034928582641975066274141472108`20.28647729847835*I"
"---------------------------------------------"
"Iteration count: 149"
"Solving angular equation..."
"Done"
"Exporting data to \
/home/fell/Documents/software/OG_Code_MyExecution/surrogate/m1n0_a900000_Sm1_\
prec_p_HPee.mx"
"118/129"
0.27674418604651163
"-1"
53
"Simplex code..."
"Initial \[Omega] guess: \
0.26422329683794984695253329647812888831`20.150514993821005 + \
0.00003591034928582641975066274141472108`16.283763516024248*I"
"\[Omega] value: 0.26422854648831423633687605856139137265`24.15051499358318 + \
0.00003696037168225487629493619794772787`20.296271587787842*I"
"---------------------------------------------"
"Iteration count: 147"
"Solving angular equation..."
"Done"
"Exporting data to \
/home/fell/Documents/software/OG_Code_MyExecution/surrogate/m1n0_a900000_Sm1_\
prec_p_HPee.mx"
"119/129"
0.27868217054263567
"-1"
7
"Simplex code..."
"Initial \[Omega] guess: \
0.26586606323400100119518325648630892743`20.15051499363536 + \
0.00003696037168225487629493619794772787`16.293588418700946*I"
"\[Omega] value: 0.26587469516474039326883886916397148742`24.150514993397035 \
+ 0.00003799657479394822668764948787814633`20.305582437270942*I"
"---------------------------------------------"
"Iteration count: 148"
"Solving angular equation..."
"Done"
"Exporting data to \
/home/fell/Documents/software/OG_Code_MyExecution/surrogate/m1n0_a900000_Sm1_\
prec_p_HPee.mx"
"120/129"
0.2806201550387597
"-1"
14
"Simplex code..."
"Initial \[Omega] guess: \
0.26750270577771708850452336117776632995`20.15051499345085 + \
0.00003799657479394822668764948787814633`16.302931263052578*I"
"\[Omega] value: 0.26751576899931209528399459632804759576`24.150514993213633 \
+ 0.00003901359443729606278733424779835668`20.314381571139467*I"
"---------------------------------------------"
"Iteration count: 153"
"Solving angular equation..."
"Done"
"Exporting data to \
/home/fell/Documents/software/OG_Code_MyExecution/surrogate/m1n0_a900000_Sm1_\
prec_p_HPee.mx"
"121/129"
0.28255813953488373
"-1"
20
"Simplex code..."
"Initial \[Omega] guess: \
0.26914371500376386332844988243911345571`20.150514993269336 + \
0.00003901359443729606278733424779835668`16.311746715551*I"
"\[Omega] value: 0.26915170162832578675635943583932175114`24.150514993034662 \
+ 0.00004000549975938496891984920332621714`20.322637563283916*I"
"---------------------------------------------"
"Iteration count: 146"
"Solving angular equation..."
"Done"
"Exporting data to \
/home/fell/Documents/software/OG_Code_MyExecution/surrogate/m1n0_a900000_Sm1_\
prec_p_HPee.mx"
"122/129"
0.28449612403100777
"-1"
27
"Simplex code..."
"Initial \[Omega] guess: \
0.27076807609575395830727541329150986715`20.150514993091765 + \
0.00004000549975938496891984920332621714`16.32003723404018*I"
"\[Omega] value: 0.27078242582869008376345179715396993741`24.150514992862007 \
+ 0.00004096574793592493641549582086942454`20.330315406714053*I"
"---------------------------------------------"
"Iteration count: 151"
"Solving angular equation..."
"Done"
"Exporting data to \
/home/fell/Documents/software/OG_Code_MyExecution/surrogate/m1n0_a900000_Sm1_\
prec_p_HPee.mx"
"123/129"
0.2864341085271318
"-1"
33
"Simplex code..."
"Initial \[Omega] guess: \
0.27239707815229858063030404016759671531`20.15051499292075 + \
0.00004096574793592493641549582086942454`16.327733436522998*I"
"\[Omega] value: 0.27240787350922932599527592531774308866`24.15051499269775 + \
0.00004188713604859202902795746415145241`20.337376004031963*I"
"---------------------------------------------"
"Iteration count: 145"
"Solving angular equation..."
"Done"
"Exporting data to \
/home/fell/Documents/software/OG_Code_MyExecution/surrogate/m1n0_a900000_Sm1_\
prec_p_HPee.mx"
"124/129"
0.28837209302325584
"-1"
39
"Simplex code..."
"Initial \[Omega] guess: \
0.27402006982649173634592004229925155678`20.150514992757987 + \
0.00004188713604859202902795746415145241`16.334813287435622*I"
"\[Omega] value: 0.27402797570371531226966112382985614067`24.150514992544185 \
+ 0.00004276175005768426335737300763270159`20.34377556077725*I"
"---------------------------------------------"
"Iteration count: 146"
"Solving angular equation..."
"Done"
"Exporting data to \
/home/fell/Documents/software/OG_Code_MyExecution/surrogate/m1n0_a900000_Sm1_\
prec_p_HPee.mx"
"125/129"
0.29031007751937987
"-1"
46
"Simplex code..."
"Initial \[Omega] guess: \
0.27562550484509407580915854587382616907`20.15051499260531 + \
0.00004276175005768426335737300763270159`16.34125106106197*I"
"\[Omega] value: 0.27564266256552167025513910926453528482`24.15051499240381 + \
0.00004358091079111757948418947285557358`20.349464858343186*I"
"---------------------------------------------"
"Iteration count: 156"
"Solving angular equation..."
"Done"
"Exporting data to \
/home/fell/Documents/software/OG_Code_MyExecution/surrogate/m1n0_a900000_Sm1_\
prec_p_HPee.mx"
"126/129"
0.29224806201550385
"-1"
52
"Simplex code..."
"Initial \[Omega] guess: \
0.2772360123829705742213645058428761806`20.15051499246603 + \
0.00004358091079111757948418947285557358`16.346961651171828*I"
"\[Omega] value: 0.27725186336443347778652983673788977576`24.150514992279334 \
+ 0.00004433511688833102763255988658458368`20.354388376434006*I"
"---------------------------------------------"
"Iteration count: 150"
"Solving angular equation..."
"Done"
"Exporting data to \
/home/fell/Documents/software/OG_Code_MyExecution/surrogate/m1n0_a900000_Sm1_\
prec_p_HPee.mx"
"127/129"
0.2941860465116279
"-1"
7
"Simplex code..."
"Initial \[Omega] guess: \
0.27884052290894984101315409436734339499`20.150514992342423 + \
0.00004433511688833102763255988658458368`16.35190696165368*I"
"\[Omega] value: 0.27885550648581335629484910715530905445`24.150514992173626 \
+ 0.00004501398464992313105068350846844334`20.35848322586673*I"
"---------------------------------------------"
"Iteration count: 148"
"Solving angular equation..."
"Done"
"Exporting data to \
/home/fell/Documents/software/OG_Code_MyExecution/surrogate/m1n0_a900000_Sm1_\
prec_p_HPee.mx"
"128/129"
0.2961240310077519
"-1"
14
"Simplex code..."
"Initial \[Omega] guess: \
0.28043839487642910500994170542791155369`20.150514992237323 + \
0.00004501398464992313105068350846844334`16.356024978031567*I"
"\[Omega] value: 0.28045351943231934837823191724241962286`24.150514992089768 \
+ 0.00004560618476126574608692039933760747`20.36167784006353*I"
"---------------------------------------------"
"Iteration count: 150"
"Solving angular equation..."
"Done"
"Exporting data to \
/home/fell/Documents/software/OG_Code_MyExecution/surrogate/m1n0_a900000_Sm1_\
prec_p_HPee.mx"
"129/129"
0.29806201550387595
"-1"
21
"Simplex code..."
"Initial \[Omega] guess: \
0.28202954076144995863615397930642865604`20.15051499215377 + \
0.00004560618476126574608692039933760747`16.359244134275055*I"
"\[Omega] value: 0.28204582882882982836549169515557713608`24.150514992030963 \
+ 0.00004609937588336832457590104689529575`20.363890356427508*I"
"---------------------------------------------"
"Iteration count: 156"
"Solving angular equation..."
"Done"
"Exporting data to \
/home/fell/Documents/software/OG_Code_MyExecution/surrogate/m1n0_a900000_Sm1_\
prec_p_HPee.mx"
"130/129"
0.3
"-1"
28
"Simplex code..."
"Initial \[Omega] guess: \
0.28361387246686022940662888275075617629`20.15051499209493 + \
0.00004609937588336832457590104689529575`16.361482568055592*I"
"\[Omega] value: 0.2836323604304887114412526546297144404`24.15051499200053 + \
0.00004648013512127190025526778527483182`20.365026594669114*I"
"---------------------------------------------"
"Iteration count: 152"
"Solving angular equation..."
"Done"
"Exporting data to \
/home/fell/Documents/software/OG_Code_MyExecution/surrogate/m1n0_a900000_Sm1_\
prec_p_HPee.mx"
"Minimization: Done!"
