"Beginning search routine:   time:Wed 3 Aug 2022 09:29:41 Parameter values: \
(m,n,\[Chi]) = (3,0,9/10)"
"m value: 3"
"n value: 0"
"mu value: 9/50"
"Minimization Results: <|\"\[Omega]\" -> 0.1796735243268726 + \
4.315203876721991*^-17*I, \"\[Nu]\" -> -0.06340195205693692 - \
3.038669229532674*^-18*I|>"
"Minimization Time: 239.674823"
"Angular Solver Time: 0.102031"
"Caching results to: \
\[Epsilon]1_10000\[Mu]Nv9_50m3\[Eta]0n0l2s-1\[Chi]9_10KMax4branch1.mx"
""
""
"Beginning search routine:   time:Wed 3 Aug 2022 09:29:41 Parameter values: \
(m,n,\[Chi]) = (3,0,9/10)"
"m value: 3"
"n value: 0"
"mu value: 9/50"
"Minimization Results: <|\"\[Omega]\" -> 0.1796735243268726 + \
4.315203876721991*^-17*I, \"\[Nu]\" -> -0.06340195205693692 - \
3.038669229532674*^-18*I|>"
"Minimization Time: 239.674823"
"Angular Solver Time: 0.102031"
"Caching results to: \
\[Epsilon]1_10000\[Mu]Nv9_50m3\[Eta]0n0l2s-1\[Chi]9_10KMax4branch1.mx"
""
""
"m value: 3"
"n value: 0"
"mu value: 21/100"
"Minimization Results: <|\"\[Omega]\" -> 0.20948021150253013 + \
3.5145997528093383*^-16*I, \"\[Nu]\" -> -0.07466767491203176 - \
2.6249647500135955*^-17*I|>"
"Minimization Time: 227.382043"
"Angular Solver Time: 0.099733"
"Caching results to: \
\[Epsilon]1_10000\[Mu]Nv21_100m3\[Eta]0n0l2s-1\[Chi]9_10KMax4branch1.mx"
""
""
